<?xml version="1.0" encoding="UTF-8"?>
<robot generator="Robot 3.1.1 (Python 3.6.7 on darwin)" generated="20190513 09:57:35.831" rpa="false">
<suite id="s1" name="Robot Initial Snapshot" source="/Users/sihart/Genie_NetDevOpsLive/robot_initial_snapshot/robot_initial_snapshot.robot">
<test id="s1-t1" name="Connect">
<kw name="use genie testbed &quot;${testbed}&quot;" library="genie.libs.robot.GenieRobot">
<doc>Create the genie testbed</doc>
<msg timestamp="20190513 09:57:37.727" level="INFO">+------------------------------------------------------------------------------+
|                            Genie datafiles used:                             |
+------------------------------------------------------------------------------+</msg>
<msg timestamp="20190513 09:57:37.727" level="INFO">Trigger datafile          | </msg>
<msg timestamp="20190513 09:57:37.727" level="INFO">Verification  datafile    | </msg>
<msg timestamp="20190513 09:57:37.727" level="INFO">Pts datafile              | /Users/sihart/Genie_NetDevOpsLive/newvenv/genie_yamls/pts_datafile.yaml</msg>
<msg timestamp="20190513 09:57:37.727" level="INFO">Subsection datafile       | /Users/sihart/Genie_NetDevOpsLive/newvenv/genie_yamls/subsection_datafile.yaml</msg>
<msg timestamp="20190513 09:57:37.728" level="INFO">Config datafile           | None</msg>
<msg timestamp="20190513 09:57:37.761" level="WARN">Could not load the Datafile correctly</msg>
<status status="PASS" starttime="20190513 09:57:37.596" endtime="20190513 09:57:37.761"></status>
</kw>
<kw name="connect to device &quot;nx-osv-1&quot;" library="ats.robot.pyATSRobot">
<doc>Connect to device connection as defined in testbed.yaml</doc>
<msg timestamp="20190513 09:57:37.762" level="INFO">Connecting to device 'Device nx-osv-1 (alias=nx), type NX-OSv 9000'</msg>
<msg timestamp="20190513 09:57:37.762" level="INFO">kwargs: {}</msg>
<msg timestamp="20190513 09:57:37.780" level="INFO">nx-osv-1#</msg>
<msg timestamp="20190513 09:57:37.781" level="INFO">+++ nx-osv-1: connecting command ' +++</msg>
<msg timestamp="20190513 09:57:38.269" level="INFO">Escape character is '^]'.


nx-osv-1# 
nx-osv-1# </msg>
<msg timestamp="20190513 09:57:38.270" level="INFO">[2019-05-13 09:57:37,768] +++ nx-osv-1 logfile /tmp/nx-osv-1-cli-20190513T095737766.log +++
[2019-05-13 09:57:37,769] +++ Unicon plugin nxos +++</msg>
<status status="PASS" starttime="20190513 09:57:37.762" endtime="20190513 09:57:38.270"></status>
</kw>
<kw name="connect to device &quot;xe&quot;" library="ats.robot.pyATSRobot">
<doc>Connect to device connection as defined in testbed.yaml</doc>
<msg timestamp="20190513 09:57:38.271" level="INFO">Connecting to device 'Device xe, type CSR1000v'</msg>
<msg timestamp="20190513 09:57:38.271" level="INFO">kwargs: {}</msg>
<msg timestamp="20190513 09:57:38.277" level="INFO">xe#</msg>
<msg timestamp="20190513 09:57:38.277" level="INFO">+++ xe: connecting command ' +++</msg>
<msg timestamp="20190513 09:57:38.678" level="INFO">Escape character is '^]'.

xe#
xe#</msg>
<msg timestamp="20190513 09:57:38.678" level="INFO">[2019-05-13 09:57:38,271] +++ xe logfile /tmp/xe-cli-20190513T095738271.log +++
[2019-05-13 09:57:38,272] +++ Unicon plugin iosxe +++</msg>
<status status="PASS" starttime="20190513 09:57:38.270" endtime="20190513 09:57:38.678"></status>
</kw>
<status status="PASS" starttime="20190513 09:57:37.595" endtime="20190513 09:57:38.678" critical="yes"></status>
</test>
<test id="s1-t2" name="Profile the devices">
<kw name="Profile the system for &quot;config;interface;platform;ospf;arp;routing;vrf;vlan&quot; on devices &quot;nx-osv-1;xe&quot; as &quot;./good_snapshot&quot;" library="genie.libs.robot.GenieRobot">
<doc>Profile system as per the provided features on the devices</doc>
<msg timestamp="20190513 09:57:38.679" level="INFO">Start learning device configuration</msg>
<msg timestamp="20190513 09:57:38.679" level="INFO">nx-osv-1#</msg>
<msg timestamp="20190513 09:57:38.679" level="INFO">+++ nx-osv-1: execute command 'show running-config' +++</msg>
<msg timestamp="20190513 09:57:38.759" level="INFO">show running-config</msg>
<msg timestamp="20190513 09:57:38.759" level="INFO">
!Command: show running-config
!Running configuration last done at: Fri May 10 11:19:00 2019
!Time: Fri May 10 11:21:35 2019

version 9.2(2) Bios:version  
hostname nx-osv-1
vdc nx-osv-1 id 1
  limit-resource vlan minimum 16 maximum 4094
  limit-resource vrf minimum 2 maximum 4096
  limit-resource port-channel minimum 0 maximum 511
  limit-resource u4route-mem minimum 96 maximum 96
  limit-resource u6route-mem minimum 24 maximum 24
  limit-resource m4route-mem minimum 58 maximum 58
  limit-resource m6route-mem minimum 8 maximum 8

feature telnet
feature ospf
feature bgp

no password strength-check
username admin password 5 $1$KuOSBsvW$Cy0TSD..gEBGBPjzpDgf51  role network-admin
username adminbackup password 5 !  role network-operator
username cisco password 5 $1$Nk7ZkwH0$fyiRmMMfIheqE3BqvcL0C1  role network-operator
username cisco role network-admin
username lab password 5 $1$buoy/oqy$.EXQz8rCn72ii8qtdldj00  role network-admin
ip domain-lookup
snmp-server user lab network-admin auth md5 0x5ceb414591539ee35159fca86fdfa101 priv 0x5ceb414591539ee35159fca86fdfa101 localizedkey
snmp-server user admin network-admin auth md5 0x328945d53e05e8e7207f8c20b142f0b7 priv 0x328945d53e05e8e7207f8c20b142f0b7 localizedkey
snmp-server user cisco network-operator auth md5 0x55b3c64a53fb95518e75358ee75e82e9 priv 0x55b3c64a53fb95518e75358ee75e82e9 localizedkey
snmp-server user cisco network-admin
rmon event 1 log trap public description FATAL(1) owner PMON@FATAL
rmon event 2 log trap public description CRITICAL(2) owner PMON@CRITICAL
rmon event 3 log trap public description ERROR(3) owner PMON@ERROR
rmon event 4 log trap public description WARNING(4) owner PMON@WARNING
rmon event 5 log trap public description INFORMATION(5) owner PMON@INFO

vlan 1

vrf context management
  ip route 0.0.0.0/0 172.16.30.254
hardware forwarding unicast trace


interface Ethernet1/1
  description to xe
  no switchport
  mac-address fa16.3e00.0001
  ip address 10.0.0.9/30
  ip router ospf 1 area 0.0.0.0
  no shutdown

interface Ethernet1/2
  description Ethernet1/2
  no switchport
  mac-address fa16.3e00.0002
  no shutdown

interface Ethernet1/3

interface Ethernet1/4

interface Ethernet1/5

interface Ethernet1/6

interface Ethernet1/7

interface Ethernet1/8

interface Ethernet1/9

interface Ethernet1/10

interface Ethernet1/11

interface Ethernet1/12

interface Ethernet1/13

interface Ethernet1/14

interface Ethernet1/15

interface Ethernet1/16

interface Ethernet1/17

interface Ethernet1/18

interface Ethernet1/19

interface Ethernet1/20

interface Ethernet1/21

interface Ethernet1/22

interface Ethernet1/23

interface Ethernet1/24

interface Ethernet1/25

interface Ethernet1/26

interface Ethernet1/27

interface Ethernet1/28

interface Ethernet1/29

interface Ethernet1/30

interface Ethernet1/31

interface Ethernet1/32

interface Ethernet1/33

interface Ethernet1/34

interface Ethernet1/35

interface Ethernet1/36

interface Ethernet1/37

interface Ethernet1/38

interface Ethernet1/39

interface Ethernet1/40

interface Ethernet1/41

interface Ethernet1/42

interface Ethernet1/43

interface Ethernet1/44

interface Ethernet1/45

interface Ethernet1/46

interface Ethernet1/47

interface Ethernet1/48

interface Ethernet1/49

interface Ethernet1/50

interface Ethernet1/51

interface Ethernet1/52

interface Ethernet1/53

interface Ethernet1/54

interface Ethernet1/55

interface Ethernet1/56

interface Ethernet1/57

interface Ethernet1/58

interface Ethernet1/59

interface Ethernet1/60

interface Ethernet1/61

interface Ethernet1/62

interface Ethernet1/63

interface Ethernet1/64

interface Ethernet1/65

interface Ethernet1/66

interface Ethernet1/67

interface Ethernet1/68

interface Ethernet1/69

interface Ethernet1/70

interface Ethernet1/71

interface Ethernet1/72

interface Ethernet1/73

interface Ethernet1/74

interface Ethernet1/75

interface Ethernet1/76

interface Ethernet1/77

interface Ethernet1/78

interface Ethernet1/79

interface Ethernet1/80

interface Ethernet1/81

interface Ethernet1/82

interface Ethernet1/83

interface Ethernet1/84

interface Ethernet1/85

interface Ethernet1/86

interface Ethernet1/87

interface Ethernet1/88

interface Ethernet1/89

interface Ethernet1/90

interface Ethernet1/91

interface Ethernet1/92

interface Ethernet1/93

interface Ethernet1/94

interface Ethernet1/95

interface Ethernet1/96

interface Ethernet1/97

interface Ethernet1/98

interface Ethernet1/99

interface Ethernet1/100

interface Ethernet1/101

interface Ethernet1/102

interface Ethernet1/103

interface Ethernet1/104

interface Ethernet1/105

interface Ethernet1/106

interface Ethernet1/107

interface Ethernet1/108

interface Ethernet1/109

interface Ethernet1/110

interface Ethernet1/111

interface Ethernet1/112

interface Ethernet1/113

interface Ethernet1/114

interface Ethernet1/115

interface Ethernet1/116

interface Ethernet1/117

interface Ethernet1/118

interface Ethernet1/119

interface Ethernet1/120

interface Ethernet1/121

interface Ethernet1/122

interface Ethernet1/123

interface Ethernet1/124

interface Ethernet1/125

interface Ethernet1/126

interface Ethernet1/127

interface Ethernet1/128

interface mgmt0
  description OOB Management
  vrf member management
  ip address 172.16.30.60/24

interface loopback0
  description Loopback
  ip address 192.168.0.1/32
  ip router ospf 1 area 0.0.0.0
line console
  exec-timeout 0
  terminal width  511
line vty
no feature signature-verification
router ospf 1
  router-id 192.168.0.1
router bgp 1
  router-id 192.168.0.1
  address-family ipv4 unicast
    network 192.168.0.1/32
  neighbor 192.168.0.2
    remote-as 1
    description iBGP peer xe
    update-source loopback0
    address-family ipv4 unicast
  neighbor 192.168.0.3
    remote-as 1
    description iBGP peer xr
    update-source loopback0
    address-family ipv4 unicast

no logging console</msg>
<msg timestamp="20190513 09:57:38.761" level="INFO">Start learning feature interface</msg>
<msg timestamp="20190513 09:57:39.109" level="INFO">nx-osv-1#</msg>
<msg timestamp="20190513 09:57:39.109" level="INFO">+++ nx-osv-1: execute command 'show interface' +++</msg>
<msg timestamp="20190513 09:57:39.962" level="INFO">show interface</msg>
<msg timestamp="20190513 09:57:39.963" level="INFO">mgmt0 is up
admin state is up,
  Hardware: Ethernet, address: 5e00.8001.0000 (bia 5e00.8001.0000)
  Description: OOB Management
  Internet Address is 172.16.30.60/24
  MTU 1500 bytes, BW 1000000 Kbit, DLY 10 usec
  reliability 250/255, txload 1/255, rxload 1/255
  Encapsulation ARPA, medium is broadcast
  full-duplex, 1000 Mb/s
  Auto-Negotiation is turned on
  Auto-mdix is turned off
  EtherType is 0x0000 
  1 minute input rate 456 bits/sec, 0 packets/sec
  1 minute output rate 400 bits/sec, 0 packets/sec
  Rx
    3978 input packets 3255 unicast packets 679 multicast packets
    44 broadcast packets 487713 bytes
  Tx
    3387 output packets 3212 unicast packets 172 multicast packets
    3 broadcast packets 376199 bytes

Ethernet1/1 is up
admin state is up, Dedicated Interface
  Hardware: 100/1000/10000 Ethernet, address: fa16.3e00.0001 (bia 5e00.8001.0008)
  Description: to xe
  Internet Address is 10.0.0.9/30
  MTU 1500 bytes, BW 1000000 Kbit, DLY 10 usec
  reliability 255/255, txload 1/255, rxload 1/255
  Encapsulation ARPA, medium is broadcast
  full-duplex, 1000 Mb/s
  Beacon is turned off
  Auto-Negotiation is turned on  FEC mode is Auto
  Input flow-control is off, output flow-control is off
  Auto-mdix is turned off
  Switchport monitor is off 
  EtherType is 0x8100 
  EEE (efficient-ethernet) : n/a
  Last link flapped 02:48:01
  Last clearing of "show interface" counters never
  2 interface resets
  Load-Interval #1: 30 seconds
    30 seconds input rate 0 bits/sec, 0 packets/sec
    30 seconds output rate 0 bits/sec, 0 packets/sec
    input rate 0 bps, 0 pps; output rate 0 bps, 0 pps
  Load-Interval #2: 5 minute (300 seconds)
    300 seconds input rate 0 bits/sec, 0 packets/sec
    300 seconds output rate 0 bits/sec, 0 packets/sec
    input rate 0 bps, 0 pps; output rate 0 bps, 0 pps
  RX
    0 unicast packets  0 multicast packets  0 broadcast packets
    0 input packets  0 bytes
    0 jumbo packets  0 storm suppression packets
    0 runts  0 giants  0 CRC  0 no buffer
    0 input error  0 short frame  0 overrun   0 underrun  0 ignored
    0 watchdog  0 bad etype drop  0 bad proto drop  0 if down drop
    0 input with dribble  0 input discard
    0 Rx pause
  TX
    0 unicast packets  0 multicast packets  0 broadcast packets
    0 output packets  0 bytes
    0 jumbo packets
    0 output error  0 collision  0 deferred  0 late collision
    0 lost carrier  0 no carrier  0 babble  0 output discard
    0 Tx pause

Ethernet1/2 is up
admin state is up, Dedicated Interface
  Hardware: 100/1000/10000 Ethernet, address: fa16.3e00.0002 (bia 5e00.8001.0009)
  Description: Ethernet1/2
  MTU 1500 bytes, BW 1000000 Kbit, DLY 10 usec
  reliability 255/255, txload 1/255, rxload 1/255
  Encapsulation ARPA, medium is broadcast
  full-duplex, 1000 Mb/s
  Beacon is turned off
  Auto-Negotiation is turned on  FEC mode is Auto
  Input flow-control is off, output flow-control is off
  Auto-mdix is turned off
  Switchport monitor is off 
  EtherType is 0x8100 
  EEE (efficient-ethernet) : n/a
  Last link flapped 02:48:00
  Last clearing of "show interface" counters never
  2 interface resets
  Load-Interval #1: 30 seconds
    30 seconds input rate 0 bits/sec, 0 packets/sec
    30 seconds output rate 0 bits/sec, 0 packets/sec
    input rate 0 bps, 0 pps; output rate 0 bps, 0 pps
  Load-Interval #2: 5 minute (300 seconds)
    300 seconds input rate 0 bits/sec, 0 packets/sec
    300 seconds output rate 0 bits/sec, 0 packets/sec
    input rate 0 bps, 0 pps; output rate 0 bps, 0 pps
  RX
    0 unicast packets  0 multicast packets  0 broadcast packets
    0 input packets  0 bytes
    0 jumbo packets  0 storm suppression packets
    0 runts  0 giants  0 CRC  0 no buffer
    0 input error  0 short frame  0 overrun   0 underrun  0 ignored
    0 watchdog  0 bad etype drop  0 bad proto drop  0 if down drop
    0 input with dribble  0 input discard
    0 Rx pause
  TX
    0 unicast packets  0 multicast packets  0 broadcast packets
    0 output packets  0 bytes
    0 jumbo packets
    0 output error  0 collision  0 deferred  0 late collision
    0 lost carrier  0 no carrier  0 babble  0 output discard
    0 Tx pause

Ethernet1/3 is down (Link not connected)
admin state is up, Dedicated Interface
  Hardware: 100/1000/10000 Ethernet, address: 5e00.8001.000a (bia 5e00.8001.000a)
  MTU 1500 bytes, BW 10000000 Kbit, DLY 10 usec
  reliability 255/255, txload 1/255, rxload 1/255
  Encapsulation ARPA, medium is broadcast
  Port mode is access
  auto-duplex, auto-speed
  Beacon is turned off
  Auto-Negotiation is turned on  FEC mode is Auto
  Input flow-control is off, output flow-control is off
  Auto-mdix is turned off
  Switchport monitor is off 
  EtherType is 0x8100 
  EEE (efficient-ethernet) : n/a
  Last link flapped never
  Last clearing of "show interface" counters never
  0 interface resets
  Load-Interval #1: 30 seconds
    30 seconds input rate 0 bits/sec, 0 packets/sec
    30 seconds output rate 0 bits/sec, 0 packets/sec
    input rate 0 bps, 0 pps; output rate 0 bps, 0 pps
  Load-Interval #2: 5 minute (300 seconds)
    300 seconds input rate 0 bits/sec, 0 packets/sec
    300 seconds output rate 0 bits/sec, 0 packets/sec
    input rate 0 bps, 0 pps; output rate 0 bps, 0 pps
  RX
    0 unicast packets  0 multicast packets  0 broadcast packets
    0 input packets  0 bytes
    0 jumbo packets  0 storm suppression packets
    0 runts  0 giants  0 CRC  0 no buffer
    0 input error  0 short frame  0 overrun   0 underrun  0 ignored
    0 watchdog  0 bad etype drop  0 bad proto drop  0 if down drop
    0 input with dribble  0 input discard
    0 Rx pause
  TX
    0 unicast packets  0 multicast packets  0 broadcast packets
    0 output packets  0 bytes
    0 jumbo packets
    0 output error  0 collision  0 deferred  0 late collision
    0 lost carrier  0 no carrier  0 babble  0 output discard
    0 Tx pause

Ethernet1/4 is down (Link not connected)
admin state is up, Dedicated Interface
  Hardware: 100/1000/10000 Ethernet, address: 5e00.8001.000b (bia 5e00.8001.000b)
  MTU 1500 bytes, BW 10000000 Kbit, DLY 10 usec
  reliability 255/255, txload 1/255, rxload 1/255
  Encapsulation ARPA, medium is broadcast
  Port mode is access
  auto-duplex, auto-speed
  Beacon is turned off
  Auto-Negotiation is turned on  FEC mode is Auto
  Input flow-control is off, output flow-control is off
  Auto-mdix is turned off
  Switchport monitor is off 
  EtherType is 0x8100 
  EEE (efficient-ethernet) : n/a
  Last link flapped never
  Last clearing of "show interface" counters never
  0 interface resets
  Load-Interval #1: 30 seconds
    30 seconds input rate 0 bits/sec, 0 packets/sec
    30 seconds output rate 0 bits/sec, 0 packets/sec
    input rate 0 bps, 0 pps; output rate 0 bps, 0 pps
  Load-Interval #2: 5 minute (300 seconds)
    300 seconds input rate 0 bits/sec, 0 packets/sec
    300 seconds output rate 0 bits/sec, 0 packets/sec
    input rate 0 bps, 0 pps; output rate 0 bps, 0 pps
  RX
    0 unicast packets  0 multicast packets  0 broadcast packets
    0 input packets  0 bytes
    0 jumbo packets  0 storm suppression packets
    0 runts  0 giants  0 CRC  0 no buffer
    0 input error  0 short frame  0 overrun   0 underrun  0 ignored
    0 watchdog  0 bad etype drop  0 bad proto drop  0 if down drop
    0 input with dribble  0 input discard
    0 Rx pause
  TX
    0 unicast packets  0 multicast packets  0 broadcast packets
    0 output packets  0 bytes
    0 jumbo packets
    0 output error  0 collision  0 deferred  0 late collision
    0 lost carrier  0 no carrier  0 babble  0 output discard
    0 Tx pause

Ethernet1/5 is down (Link not connected)
admin state is up, Dedicated Interface
  Hardware: 100/1000/10000 Ethernet, address: 5e00.8001.000c (bia 5e00.8001.000c)
  MTU 1500 bytes, BW 10000000 Kbit, DLY 10 usec
  reliability 255/255, txload 1/255, rxload 1/255
  Encapsulation ARPA, medium is broadcast
  Port mode is access
  auto-duplex, auto-speed
  Beacon is turned off
  Auto-Negotiation is turned on  FEC mode is Auto
  Input flow-control is off, output flow-control is off
  Auto-mdix is turned off
  Switchport monitor is off 
  EtherType is 0x8100 
  EEE (efficient-ethernet) : n/a
  Last link flapped never
  Last clearing of "show interface" counters never
  0 interface resets
  Load-Interval #1: 30 seconds
    30 seconds input rate 0 bits/sec, 0 packets/sec
    30 seconds output rate 0 bits/sec, 0 packets/sec
    input rate 0 bps, 0 pps; output rate 0 bps, 0 pps
  Load-Interval #2: 5 minute (300 seconds)
    300 seconds input rate 0 bits/sec, 0 packets/sec
    300 seconds output rate 0 bits/sec, 0 packets/sec
    input rate 0 bps, 0 pps; output rate 0 bps, 0 pps
  RX
    0 unicast packets  0 multicast packets  0 broadcast packets
    0 input packets  0 bytes
    0 jumbo packets  0 storm suppression packets
    0 runts  0 giants  0 CRC  0 no buffer
    0 input error  0 short frame  0 overrun   0 underrun  0 ignored
    0 watchdog  0 bad etype drop  0 bad proto drop  0 if down drop
    0 input with dribble  0 input discard
    0 Rx pause
  TX
    0 unicast packets  0 multicast packets  0 broadcast packets
    0 output packets  0 bytes
    0 jumbo packets
    0 output error  0 collision  0 deferred  0 late collision
    0 lost carrier  0 no carrier  0 babble  0 output discard
    0 Tx pause

Ethernet1/6 is down (Link not connected)
admin state is up, Dedicated Interface
  Hardware: 100/1000/10000 Ethernet, address: 5e00.8001.000d (bia 5e00.8001.000d)
  MTU 1500 bytes, BW 10000000 Kbit, DLY 10 usec
  reliability 255/255, txload 1/255, rxload 1/255
  Encapsulation ARPA, medium is broadcast
  Port mode is access
  auto-duplex, auto-speed
  Beacon is turned off
  Auto-Negotiation is turned on  FEC mode is Auto
  Input flow-control is off, output flow-control is off
  Auto-mdix is turned off
  Switchport monitor is off 
  EtherType is 0x8100 
  EEE (efficient-ethernet) : n/a
  Last link flapped never
  Last clearing of "show interface" counters never
  0 interface resets
  Load-Interval #1: 30 seconds
    30 seconds input rate 0 bits/sec, 0 packets/sec
    30 seconds output rate 0 bits/sec, 0 packets/sec
    input rate 0 bps, 0 pps; output rate 0 bps, 0 pps
  Load-Interval #2: 5 minute (300 seconds)
    300 seconds input rate 0 bits/sec, 0 packets/sec
    300 seconds output rate 0 bits/sec, 0 packets/sec
    input rate 0 bps, 0 pps; output rate 0 bps, 0 pps
  RX
    0 unicast packets  0 multicast packets  0 broadcast packets
    0 input packets  0 bytes
    0 jumbo packets  0 storm suppression packets
    0 runts  0 giants  0 CRC  0 no buffer
    0 input error  0 short frame  0 overrun   0 underrun  0 ignored
    0 watchdog  0 bad etype drop  0 bad proto drop  0 if down drop
    0 input with dribble  0 input discard
    0 Rx pause
  TX
    0 unicast packets  0 multicast packets  0 broadcast packets
    0 output packets  0 bytes
    0 jumbo packets
    0 output error  0 collision  0 deferred  0 late collision
    0 lost carrier  0 no carrier  0 babble  0 output discard
    0 Tx pause

Ethernet1/7 is down (Link not connected)
admin state is up, Dedicated Interface
  Hardware: 100/1000/10000 Ethernet, address: 5e00.8001.000e (bia 5e00.8001.000e)
  MTU 1500 bytes, BW 10000000 Kbit, DLY 10 usec
  reliability 255/255, txload 1/255, rxload 1/255
  Encapsulation ARPA, medium is broadcast
  Port mode is access
  auto-duplex, auto-speed
  Beacon is turned off
  Auto-Negotiation is turned on  FEC mode is Auto
  Input flow-control is off, output flow-control is off
  Auto-mdix is turned off
  Switchport monitor is off 
  EtherType is 0x8100 
  EEE (efficient-ethernet) : n/a
  Last link flapped never
  Last clearing of "show interface" counters never
  0 interface resets
  Load-Interval #1: 30 seconds
    30 seconds input rate 0 bits/sec, 0 packets/sec
    30 seconds output rate 0 bits/sec, 0 packets/sec
    input rate 0 bps, 0 pps; output rate 0 bps, 0 pps
  Load-Interval #2: 5 minute (300 seconds)
    300 seconds input rate 0 bits/sec, 0 packets/sec
    300 seconds output rate 0 bits/sec, 0 packets/sec
    input rate 0 bps, 0 pps; output rate 0 bps, 0 pps
  RX
    0 unicast packets  0 multicast packets  0 broadcast packets
    0 input packets  0 bytes
    0 jumbo packets  0 storm suppression packets
    0 runts  0 giants  0 CRC  0 no buffer
    0 input error  0 short frame  0 overrun   0 underrun  0 ignored
    0 watchdog  0 bad etype drop  0 bad proto drop  0 if down drop
    0 input with dribble  0 input discard
    0 Rx pause
  TX
    0 unicast packets  0 multicast packets  0 broadcast packets
    0 output packets  0 bytes
    0 jumbo packets
    0 output error  0 collision  0 deferred  0 late collision
    0 lost carrier  0 no carrier  0 babble  0 output discard
    0 Tx pause

Ethernet1/8 is down (Link not connected)
admin state is up, Dedicated Interface
  Hardware: 100/1000/10000 Ethernet, address: 5e00.8001.000f (bia 5e00.8001.000f)
  MTU 1500 bytes, BW 10000000 Kbit, DLY 10 usec
  reliability 255/255, txload 1/255, rxload 1/255
  Encapsulation ARPA, medium is broadcast
  Port mode is access
  auto-duplex, auto-speed
  Beacon is turned off
  Auto-Negotiation is turned on  FEC mode is Auto
  Input flow-control is off, output flow-control is off
  Auto-mdix is turned off
  Switchport monitor is off 
  EtherType is 0x8100 
  EEE (efficient-ethernet) : n/a
  Last link flapped never
  Last clearing of "show interface" counters never
  0 interface resets
  Load-Interval #1: 30 seconds
    30 seconds input rate 0 bits/sec, 0 packets/sec
    30 seconds output rate 0 bits/sec, 0 packets/sec
    input rate 0 bps, 0 pps; output rate 0 bps, 0 pps
  Load-Interval #2: 5 minute (300 seconds)
    300 seconds input rate 0 bits/sec, 0 packets/sec
    300 seconds output rate 0 bits/sec, 0 packets/sec
    input rate 0 bps, 0 pps; output rate 0 bps, 0 pps
  RX
    0 unicast packets  0 multicast packets  0 broadcast packets
    0 input packets  0 bytes
    0 jumbo packets  0 storm suppression packets
    0 runts  0 giants  0 CRC  0 no buffer
    0 input error  0 short frame  0 overrun   0 underrun  0 ignored
    0 watchdog  0 bad etype drop  0 bad proto drop  0 if down drop
    0 input with dribble  0 input discard
    0 Rx pause
  TX
    0 unicast packets  0 multicast packets  0 broadcast packets
    0 output packets  0 bytes
    0 jumbo packets
    0 output error  0 collision  0 deferred  0 late collision
    0 lost carrier  0 no carrier  0 babble  0 output discard
    0 Tx pause

Ethernet1/9 is down (Link not connected)
admin state is up, Dedicated Interface
  Hardware: 100/1000/10000 Ethernet, address: 5e00.8001.0010 (bia 5e00.8001.0010)
  MTU 1500 bytes, BW 10000000 Kbit, DLY 10 usec
  reliability 255/255, txload 1/255, rxload 1/255
  Encapsulation ARPA, medium is broadcast
  Port mode is access
  auto-duplex, auto-speed
  Beacon is turned off
  Auto-Negotiation is turned on  FEC mode is Auto
  Input flow-control is off, output flow-control is off
  Auto-mdix is turned off
  Switchport monitor is off 
  EtherType is 0x8100 
  EEE (efficient-ethernet) : n/a
  Last link flapped never
  Last clearing of "show interface" counters never
  0 interface resets
  Load-Interval #1: 30 seconds
    30 seconds input rate 0 bits/sec, 0 packets/sec
    30 seconds output rate 0 bits/sec, 0 packets/sec
    input rate 0 bps, 0 pps; output rate 0 bps, 0 pps
  Load-Interval #2: 5 minute (300 seconds)
    300 seconds input rate 0 bits/sec, 0 packets/sec
    300 seconds output rate 0 bits/sec, 0 packets/sec
    input rate 0 bps, 0 pps; output rate 0 bps, 0 pps
  RX
    0 unicast packets  0 multicast packets  0 broadcast packets
    0 input packets  0 bytes
    0 jumbo packets  0 storm suppression packets
    0 runts  0 giants  0 CRC  0 no buffer
    0 input error  0 short frame  0 overrun   0 underrun  0 ignored
    0 watchdog  0 bad etype drop  0 bad proto drop  0 if down drop
    0 input with dribble  0 input discard
    0 Rx pause
  TX
    0 unicast packets  0 multicast packets  0 broadcast packets
    0 output packets  0 bytes
    0 jumbo packets
    0 output error  0 collision  0 deferred  0 late collision
    0 lost carrier  0 no carrier  0 babble  0 output discard
    0 Tx pause

Ethernet1/10 is down (Link not connected)
admin state is up, Dedicated Interface
  Hardware: 100/1000/10000 Ethernet, address: 5e00.8001.0011 (bia 5e00.8001.0011)
  MTU 1500 bytes, BW 10000000 Kbit, DLY 10 usec
  reliability 255/255, txload 1/255, rxload 1/255
  Encapsulation ARPA, medium is broadcast
  Port mode is access
  auto-duplex, auto-speed
  Beacon is turned off
  Auto-Negotiation is turned on  FEC mode is Auto
  Input flow-control is off, output flow-control is off
  Auto-mdix is turned off
  Switchport monitor is off 
  EtherType is 0x8100 
  EEE (efficient-ethernet) : n/a
  Last link flapped never
  Last clearing of "show interface" counters never
  0 interface resets
  Load-Interval #1: 30 seconds
    30 seconds input rate 0 bits/sec, 0 packets/sec
    30 seconds output rate 0 bits/sec, 0 packets/sec
    input rate 0 bps, 0 pps; output rate 0 bps, 0 pps
  Load-Interval #2: 5 minute (300 seconds)
    300 seconds input rate 0 bits/sec, 0 packets/sec
    300 seconds output rate 0 bits/sec, 0 packets/sec
    input rate 0 bps, 0 pps; output rate 0 bps, 0 pps
  RX
    0 unicast packets  0 multicast packets  0 broadcast packets
    0 input packets  0 bytes
    0 jumbo packets  0 storm suppression packets
    0 runts  0 giants  0 CRC  0 no buffer
    0 input error  0 short frame  0 overrun   0 underrun  0 ignored
    0 watchdog  0 bad etype drop  0 bad proto drop  0 if down drop
    0 input with dribble  0 input discard
    0 Rx pause
  TX
    0 unicast packets  0 multicast packets  0 broadcast packets
    0 output packets  0 bytes
    0 jumbo packets
    0 output error  0 collision  0 deferred  0 late collision
    0 lost carrier  0 no carrier  0 babble  0 output discard
    0 Tx pause

Ethernet1/11 is down (Link not connected)
admin state is up, Dedicated Interface
  Hardware: 100/1000/10000 Ethernet, address: 5e00.8001.0012 (bia 5e00.8001.0012)
  MTU 1500 bytes, BW 10000000 Kbit, DLY 10 usec
  reliability 255/255, txload 1/255, rxload 1/255
  Encapsulation ARPA, medium is broadcast
  Port mode is access
  auto-duplex, auto-speed
  Beacon is turned off
  Auto-Negotiation is turned on  FEC mode is Auto
  Input flow-control is off, output flow-control is off
  Auto-mdix is turned off
  Switchport monitor is off 
  EtherType is 0x8100 
  EEE (efficient-ethernet) : n/a
  Last link flapped never
  Last clearing of "show interface" counters never
  0 interface resets
  Load-Interval #1: 30 seconds
    30 seconds input rate 0 bits/sec, 0 packets/sec
    30 seconds output rate 0 bits/sec, 0 packets/sec
    input rate 0 bps, 0 pps; output rate 0 bps, 0 pps
  Load-Interval #2: 5 minute (300 seconds)
    300 seconds input rate 0 bits/sec, 0 packets/sec
    300 seconds output rate 0 bits/sec, 0 packets/sec
    input rate 0 bps, 0 pps; output rate 0 bps, 0 pps
  RX
    0 unicast packets  0 multicast packets  0 broadcast packets
    0 input packets  0 bytes
    0 jumbo packets  0 storm suppression packets
    0 runts  0 giants  0 CRC  0 no buffer
    0 input error  0 short frame  0 overrun   0 underrun  0 ignored
    0 watchdog  0 bad etype drop  0 bad proto drop  0 if down drop
    0 input with dribble  0 input discard
    0 Rx pause
  TX
    0 unicast packets  0 multicast packets  0 broadcast packets
    0 output packets  0 bytes
    0 jumbo packets
    0 output error  0 collision  0 deferred  0 late collision
    0 lost carrier  0 no carrier  0 babble  0 output discard
    0 Tx pause

Ethernet1/12 is down (Link not connected)
admin state is up, Dedicated Interface
  Hardware: 100/1000/10000 Ethernet, address: 5e00.8001.0013 (bia 5e00.8001.0013)
  MTU 1500 bytes, BW 10000000 Kbit, DLY 10 usec
  reliability 255/255, txload 1/255, rxload 1/255
  Encapsulation ARPA, medium is broadcast
  Port mode is access
  auto-duplex, auto-speed
  Beacon is turned off
  Auto-Negotiation is turned on  FEC mode is Auto
  Input flow-control is off, output flow-control is off
  Auto-mdix is turned off
  Switchport monitor is off 
  EtherType is 0x8100 
  EEE (efficient-ethernet) : n/a
  Last link flapped never
  Last clearing of "show interface" counters never
  0 interface resets
  Load-Interval #1: 30 seconds
    30 seconds input rate 0 bits/sec, 0 packets/sec
    30 seconds output rate 0 bits/sec, 0 packets/sec
    input rate 0 bps, 0 pps; output rate 0 bps, 0 pps
  Load-Interval #2: 5 minute (300 seconds)
    300 seconds input rate 0 bits/sec, 0 packets/sec
    300 seconds output rate 0 bits/sec, 0 packets/sec
    input rate 0 bps, 0 pps; output rate 0 bps, 0 pps
  RX
    0 unicast packets  0 multicast packets  0 broadcast packets
    0 input packets  0 bytes
    0 jumbo packets  0 storm suppression packets
    0 runts  0 giants  0 CRC  0 no buffer
    0 input error  0 short frame  0 overrun   0 underrun  0 ignored
    0 watchdog  0 bad etype drop  0 bad proto drop  0 if down drop
    0 input with dribble  0 input discard
    0 Rx pause
  TX
    0 unicast packets  0 multicast packets  0 broadcast packets
    0 output packets  0 bytes
    0 jumbo packets
    0 output error  0 collision  0 deferred  0 late collision
    0 lost carrier  0 no carrier  0 babble  0 output discard
    0 Tx pause

Ethernet1/13 is down (Link not connected)
admin state is up, Dedicated Interface
  Hardware: 100/1000/10000 Ethernet, address: 5e00.8001.0014 (bia 5e00.8001.0014)
  MTU 1500 bytes, BW 10000000 Kbit, DLY 10 usec
  reliability 255/255, txload 1/255, rxload 1/255
  Encapsulation ARPA, medium is broadcast
  Port mode is access
  auto-duplex, auto-speed
  Beacon is turned off
  Auto-Negotiation is turned on  FEC mode is Auto
  Input flow-control is off, output flow-control is off
  Auto-mdix is turned off
  Switchport monitor is off 
  EtherType is 0x8100 
  EEE (efficient-ethernet) : n/a
  Last link flapped never
  Last clearing of "show interface" counters never
  0 interface resets
  Load-Interval #1: 30 seconds
    30 seconds input rate 0 bits/sec, 0 packets/sec
    30 seconds output rate 0 bits/sec, 0 packets/sec
    input rate 0 bps, 0 pps; output rate 0 bps, 0 pps
  Load-Interval #2: 5 minute (300 seconds)
    300 seconds input rate 0 bits/sec, 0 packets/sec
    300 seconds output rate 0 bits/sec, 0 packets/sec
    input rate 0 bps, 0 pps; output rate 0 bps, 0 pps
  RX
    0 unicast packets  0 multicast packets  0 broadcast packets
    0 input packets  0 bytes
    0 jumbo packets  0 storm suppression packets
    0 runts  0 giants  0 CRC  0 no buffer
    0 input error  0 short frame  0 overrun   0 underrun  0 ignored
    0 watchdog  0 bad etype drop  0 bad proto drop  0 if down drop
    0 input with dribble  0 input discard
    0 Rx pause
  TX
    0 unicast packets  0 multicast packets  0 broadcast packets
    0 output packets  0 bytes
    0 jumbo packets
    0 output error  0 collision  0 deferred  0 late collision
    0 lost carrier  0 no carrier  0 babble  0 output discard
    0 Tx pause

Ethernet1/14 is down (Link not connected)
admin state is up, Dedicated Interface
  Hardware: 100/1000/10000 Ethernet, address: 5e00.8001.0015 (bia 5e00.8001.0015)
  MTU 1500 bytes, BW 10000000 Kbit, DLY 10 usec
  reliability 255/255, txload 1/255, rxload 1/255
  Encapsulation ARPA, medium is broadcast
  Port mode is access
  auto-duplex, auto-speed
  Beacon is turned off
  Auto-Negotiation is turned on  FEC mode is Auto
  Input flow-control is off, output flow-control is off
  Auto-mdix is turned off
  Switchport monitor is off 
  EtherType is 0x8100 
  EEE (efficient-ethernet) : n/a
  Last link flapped never
  Last clearing of "show interface" counters never
  0 interface resets
  Load-Interval #1: 30 seconds
    30 seconds input rate 0 bits/sec, 0 packets/sec
    30 seconds output rate 0 bits/sec, 0 packets/sec
    input rate 0 bps, 0 pps; output rate 0 bps, 0 pps
  Load-Interval #2: 5 minute (300 seconds)
    300 seconds input rate 0 bits/sec, 0 packets/sec
    300 seconds output rate 0 bits/sec, 0 packets/sec
    input rate 0 bps, 0 pps; output rate 0 bps, 0 pps
  RX
    0 unicast packets  0 multicast packets  0 broadcast packets
    0 input packets  0 bytes
    0 jumbo packets  0 storm suppression packets
    0 runts  0 giants  0 CRC  0 no buffer
    0 input error  0 short frame  0 overrun   0 underrun  0 ignored
    0 watchdog  0 bad etype drop  0 bad proto drop  0 if down drop
    0 input with dribble  0 input discard
    0 Rx pause
  TX
    0 unicast packets  0 multicast packets  0 broadcast packets
    0 output packets  0 bytes
    0 jumbo packets
    0 output error  0 collision  0 deferred  0 late collision
    0 lost carrier  0 no carrier  0 babble  0 output discard
    0 Tx pause

Ethernet1/15 is down (Link not connected)
admin state is up, Dedicated Interface
  Hardware: 100/1000/10000 Ethernet, address: 5e00.8001.0016 (bia 5e00.8001.0016)
  MTU 1500 bytes, BW 10000000 Kbit, DLY 10 usec
  reliability 255/255, txload 1/255, rxload 1/255
  Encapsulation ARPA, medium is broadcast
  Port mode is access
  auto-duplex, auto-speed
  Beacon is turned off
  Auto-Negotiation is turned on  FEC mode is Auto
  Input flow-control is off, output flow-control is off
  Auto-mdix is turned off
  Switchport monitor is off 
  EtherType is 0x8100 
  EEE (efficient-ethernet) : n/a
  Last link flapped never
  Last clearing of "show interface" counters never
  0 interface resets
  Load-Interval #1: 30 seconds
    30 seconds input rate 0 bits/sec, 0 packets/sec
    30 seconds output rate 0 bits/sec, 0 packets/sec
    input rate 0 bps, 0 pps; output rate 0 bps, 0 pps
  Load-Interval #2: 5 minute (300 seconds)
    300 seconds input rate 0 bits/sec, 0 packets/sec
    300 seconds output rate 0 bits/sec, 0 packets/sec
    input rate 0 bps, 0 pps; output rate 0 bps, 0 pps
  RX
    0 unicast packets  0 multicast packets  0 broadcast packets
    0 input packets  0 bytes
    0 jumbo packets  0 storm suppression packets
    0 runts  0 giants  0 CRC  0 no buffer
    0 input error  0 short frame  0 overrun   0 underrun  0 ignored
    0 watchdog  0 bad etype drop  0 bad proto drop  0 if down drop
    0 input with dribble  0 input discard
    0 Rx pause
  TX
    0 unicast packets  0 multicast packets  0 broadcast packets
    0 output packets  0 bytes
    0 jumbo packets
    0 output error  0 collision  0 deferred  0 late collision
    0 lost carrier  0 no carrier  0 babble  0 output discard
    0 Tx pause

Ethernet1/16 is down (Link not connected)
admin state is up, Dedicated Interface
  Hardware: 100/1000/10000 Ethernet, address: 5e00.8001.0017 (bia 5e00.8001.0017)
  MTU 1500 bytes, BW 10000000 Kbit, DLY 10 usec
  reliability 255/255, txload 1/255, rxload 1/255
  Encapsulation ARPA, medium is broadcast
  Port mode is access
  auto-duplex, auto-speed
  Beacon is turned off
  Auto-Negotiation is turned on  FEC mode is Auto
  Input flow-control is off, output flow-control is off
  Auto-mdix is turned off
  Switchport monitor is off 
  EtherType is 0x8100 
  EEE (efficient-ethernet) : n/a
  Last link flapped never
  Last clearing of "show interface" counters never
  0 interface resets
  Load-Interval #1: 30 seconds
    30 seconds input rate 0 bits/sec, 0 packets/sec
    30 seconds output rate 0 bits/sec, 0 packets/sec
    input rate 0 bps, 0 pps; output rate 0 bps, 0 pps
  Load-Interval #2: 5 minute (300 seconds)
    300 seconds input rate 0 bits/sec, 0 packets/sec
    300 seconds output rate 0 bits/sec, 0 packets/sec
    input rate 0 bps, 0 pps; output rate 0 bps, 0 pps
  RX
    0 unicast packets  0 multicast packets  0 broadcast packets
    0 input packets  0 bytes
    0 jumbo packets  0 storm suppression packets
    0 runts  0 giants  0 CRC  0 no buffer
    0 input error  0 short frame  0 overrun   0 underrun  0 ignored
    0 watchdog  0 bad etype drop  0 bad proto drop  0 if down drop
    0 input with dribble  0 input discard
    0 Rx pause
  TX
    0 unicast packets  0 multicast packets  0 broadcast packets
    0 output packets  0 bytes
    0 jumbo packets
    0 output error  0 collision  0 deferred  0 late collision
    0 lost carrier  0 no carrier  0 babble  0 output discard
    0 Tx pause

Ethernet1/17 is down (Link not connected)
admin state is up, Dedicated Interface
  Hardware: 100/1000/10000 Ethernet, address: 5e00.8001.0018 (bia 5e00.8001.0018)
  MTU 1500 bytes, BW 10000000 Kbit, DLY 10 usec
  reliability 255/255, txload 1/255, rxload 1/255
  Encapsulation ARPA, medium is broadcast
  Port mode is access
  auto-duplex, auto-speed
  Beacon is turned off
  Auto-Negotiation is turned on  FEC mode is Auto
  Input flow-control is off, output flow-control is off
  Auto-mdix is turned off
  Switchport monitor is off 
  EtherType is 0x8100 
  EEE (efficient-ethernet) : n/a
  Last link flapped never
  Last clearing of "show interface" counters never
  0 interface resets
  Load-Interval #1: 30 seconds
    30 seconds input rate 0 bits/sec, 0 packets/sec
    30 seconds output rate 0 bits/sec, 0 packets/sec
    input rate 0 bps, 0 pps; output rate 0 bps, 0 pps
  Load-Interval #2: 5 minute (300 seconds)
    300 seconds input rate 0 bits/sec, 0 packets/sec
    300 seconds output rate 0 bits/sec, 0 packets/sec
    input rate 0 bps, 0 pps; output rate 0 bps, 0 pps
  RX
    0 unicast packets  0 multicast packets  0 broadcast packets
    0 input packets  0 bytes
    0 jumbo packets  0 storm suppression packets
    0 runts  0 giants  0 CRC  0 no buffer
    0 input error  0 short frame  0 overrun   0 underrun  0 ignored
    0 watchdog  0 bad etype drop  0 bad proto drop  0 if down drop
    0 input with dribble  0 input discard
    0 Rx pause
  TX
    0 unicast packets  0 multicast packets  0 broadcast packets
    0 output packets  0 bytes
    0 jumbo packets
    0 output error  0 collision  0 deferred  0 late collision
    0 lost carrier  0 no carrier  0 babble  0 output discard
    0 Tx pause

Ethernet1/18 is down (Link not connected)
admin state is up, Dedicated Interface
  Hardware: 100/1000/10000 Ethernet, address: 5e00.8001.0019 (bia 5e00.8001.0019)
  MTU 1500 bytes, BW 10000000 Kbit, DLY 10 usec
  reliability 255/255, txload 1/255, rxload 1/255
  Encapsulation ARPA, medium is broadcast
  Port mode is access
  auto-duplex, auto-speed
  Beacon is turned off
  Auto-Negotiation is turned on  FEC mode is Auto
  Input flow-control is off, output flow-control is off
  Auto-mdix is turned off
  Switchport monitor is off 
  EtherType is 0x8100 
  EEE (efficient-ethernet) : n/a
  Last link flapped never
  Last clearing of "show interface" counters never
  0 interface resets
  Load-Interval #1: 30 seconds
    30 seconds input rate 0 bits/sec, 0 packets/sec
    30 seconds output rate 0 bits/sec, 0 packets/sec
    input rate 0 bps, 0 pps; output rate 0 bps, 0 pps
  Load-Interval #2: 5 minute (300 seconds)
    300 seconds input rate 0 bits/sec, 0 packets/sec
    300 seconds output rate 0 bits/sec, 0 packets/sec
    input rate 0 bps, 0 pps; output rate 0 bps, 0 pps
  RX
    0 unicast packets  0 multicast packets  0 broadcast packets
    0 input packets  0 bytes
    0 jumbo packets  0 storm suppression packets
    0 runts  0 giants  0 CRC  0 no buffer
    0 input error  0 short frame  0 overrun   0 underrun  0 ignored
    0 watchdog  0 bad etype drop  0 bad proto drop  0 if down drop
    0 input with dribble  0 input discard
    0 Rx pause
  TX
    0 unicast packets  0 multicast packets  0 broadcast packets
    0 output packets  0 bytes
    0 jumbo packets
    0 output error  0 collision  0 deferred  0 late collision
    0 lost carrier  0 no carrier  0 babble  0 output discard
    0 Tx pause

Ethernet1/19 is down (Link not connected)
admin state is up, Dedicated Interface
  Hardware: 100/1000/10000 Ethernet, address: 5e00.8001.001a (bia 5e00.8001.001a)
  MTU 1500 bytes, BW 10000000 Kbit, DLY 10 usec
  reliability 255/255, txload 1/255, rxload 1/255
  Encapsulation ARPA, medium is broadcast
  Port mode is access
  auto-duplex, auto-speed
  Beacon is turned off
  Auto-Negotiation is turned on  FEC mode is Auto
  Input flow-control is off, output flow-control is off
  Auto-mdix is turned off
  Switchport monitor is off 
  EtherType is 0x8100 
  EEE (efficient-ethernet) : n/a
  Last link flapped never
  Last clearing of "show interface" counters never
  0 interface resets
  Load-Interval #1: 30 seconds
    30 seconds input rate 0 bits/sec, 0 packets/sec
    30 seconds output rate 0 bits/sec, 0 packets/sec
    input rate 0 bps, 0 pps; output rate 0 bps, 0 pps
  Load-Interval #2: 5 minute (300 seconds)
    300 seconds input rate 0 bits/sec, 0 packets/sec
    300 seconds output rate 0 bits/sec, 0 packets/sec
    input rate 0 bps, 0 pps; output rate 0 bps, 0 pps
  RX
    0 unicast packets  0 multicast packets  0 broadcast packets
    0 input packets  0 bytes
    0 jumbo packets  0 storm suppression packets
    0 runts  0 giants  0 CRC  0 no buffer
    0 input error  0 short frame  0 overrun   0 underrun  0 ignored
    0 watchdog  0 bad etype drop  0 bad proto drop  0 if down drop
    0 input with dribble  0 input discard
    0 Rx pause
  TX
    0 unicast packets  0 multicast packets  0 broadcast packets
    0 output packets  0 bytes
    0 jumbo packets
    0 output error  0 collision  0 deferred  0 late collision
    0 lost carrier  0 no carrier  0 babble  0 output discard
    0 Tx pause

Ethernet1/20 is down (Link not connected)
admin state is up, Dedicated Interface
  Hardware: 100/1000/10000 Ethernet, address: 5e00.8001.001b (bia 5e00.8001.001b)
  MTU 1500 bytes, BW 10000000 Kbit, DLY 10 usec
  reliability 255/255, txload 1/255, rxload 1/255
  Encapsulation ARPA, medium is broadcast
  Port mode is access
  auto-duplex, auto-speed
  Beacon is turned off
  Auto-Negotiation is turned on  FEC mode is Auto
  Input flow-control is off, output flow-control is off
  Auto-mdix is turned off
  Switchport monitor is off 
  EtherType is 0x8100 
  EEE (efficient-ethernet) : n/a
  Last link flapped never
  Last clearing of "show interface" counters never
  0 interface resets
  Load-Interval #1: 30 seconds
    30 seconds input rate 0 bits/sec, 0 packets/sec
    30 seconds output rate 0 bits/sec, 0 packets/sec
    input rate 0 bps, 0 pps; output rate 0 bps, 0 pps
  Load-Interval #2: 5 minute (300 seconds)
    300 seconds input rate 0 bits/sec, 0 packets/sec
    300 seconds output rate 0 bits/sec, 0 packets/sec
    input rate 0 bps, 0 pps; output rate 0 bps, 0 pps
  RX
    0 unicast packets  0 multicast packets  0 broadcast packets
    0 input packets  0 bytes
    0 jumbo packets  0 storm suppression packets
    0 runts  0 giants  0 CRC  0 no buffer
    0 input error  0 short frame  0 overrun   0 underrun  0 ignored
    0 watchdog  0 bad etype drop  0 bad proto drop  0 if down drop
    0 input with dribble  0 input discard
    0 Rx pause
  TX
    0 unicast packets  0 multicast packets  0 broadcast packets
    0 output packets  0 bytes
    0 jumbo packets
    0 output error  0 collision  0 deferred  0 late collision
    0 lost carrier  0 no carrier  0 babble  0 output discard
    0 Tx pause

Ethernet1/21 is down (Link not connected)
admin state is up, Dedicated Interface
  Hardware: 100/1000/10000 Ethernet, address: 5e00.8001.001c (bia 5e00.8001.001c)
  MTU 1500 bytes, BW 10000000 Kbit, DLY 10 usec
  reliability 255/255, txload 1/255, rxload 1/255
  Encapsulation ARPA, medium is broadcast
  Port mode is access
  auto-duplex, auto-speed
  Beacon is turned off
  Auto-Negotiation is turned on  FEC mode is Auto
  Input flow-control is off, output flow-control is off
  Auto-mdix is turned off
  Switchport monitor is off 
  EtherType is 0x8100 
  EEE (efficient-ethernet) : n/a
  Last link flapped never
  Last clearing of "show interface" counters never
  0 interface resets
  Load-Interval #1: 30 seconds
    30 seconds input rate 0 bits/sec, 0 packets/sec
    30 seconds output rate 0 bits/sec, 0 packets/sec
    input rate 0 bps, 0 pps; output rate 0 bps, 0 pps
  Load-Interval #2: 5 minute (300 seconds)
    300 seconds input rate 0 bits/sec, 0 packets/sec
    300 seconds output rate 0 bits/sec, 0 packets/sec
    input rate 0 bps, 0 pps; output rate 0 bps, 0 pps
  RX
    0 unicast packets  0 multicast packets  0 broadcast packets
    0 input packets  0 bytes
    0 jumbo packets  0 storm suppression packets
    0 runts  0 giants  0 CRC  0 no buffer
    0 input error  0 short frame  0 overrun   0 underrun  0 ignored
    0 watchdog  0 bad etype drop  0 bad proto drop  0 if down drop
    0 input with dribble  0 input discard
    0 Rx pause
  TX
    0 unicast packets  0 multicast packets  0 broadcast packets
    0 output packets  0 bytes
    0 jumbo packets
    0 output error  0 collision  0 deferred  0 late collision
    0 lost carrier  0 no carrier  0 babble  0 output discard
    0 Tx pause

Ethernet1/22 is down (Link not connected)
admin state is up, Dedicated Interface
  Hardware: 100/1000/10000 Ethernet, address: 5e00.8001.001d (bia 5e00.8001.001d)
  MTU 1500 bytes, BW 10000000 Kbit, DLY 10 usec
  reliability 255/255, txload 1/255, rxload 1/255
  Encapsulation ARPA, medium is broadcast
  Port mode is access
  auto-duplex, auto-speed
  Beacon is turned off
  Auto-Negotiation is turned on  FEC mode is Auto
  Input flow-control is off, output flow-control is off
  Auto-mdix is turned off
  Switchport monitor is off 
  EtherType is 0x8100 
  EEE (efficient-ethernet) : n/a
  Last link flapped never
  Last clearing of "show interface" counters never
  0 interface resets
  Load-Interval #1: 30 seconds
    30 seconds input rate 0 bits/sec, 0 packets/sec
    30 seconds output rate 0 bits/sec, 0 packets/sec
    input rate 0 bps, 0 pps; output rate 0 bps, 0 pps
  Load-Interval #2: 5 minute (300 seconds)
    300 seconds input rate 0 bits/sec, 0 packets/sec
    300 seconds output rate 0 bits/sec, 0 packets/sec
    input rate 0 bps, 0 pps; output rate 0 bps, 0 pps
  RX
    0 unicast packets  0 multicast packets  0 broadcast packets
    0 input packets  0 bytes
    0 jumbo packets  0 storm suppression packets
    0 runts  0 giants  0 CRC  0 no buffer
    0 input error  0 short frame  0 overrun   0 underrun  0 ignored
    0 watchdog  0 bad etype drop  0 bad proto drop  0 if down drop
    0 input with dribble  0 input discard
    0 Rx pause
  TX
    0 unicast packets  0 multicast packets  0 broadcast packets
    0 output packets  0 bytes
    0 jumbo packets
    0 output error  0 collision  0 deferred  0 late collision
    0 lost carrier  0 no carrier  0 babble  0 output discard
    0 Tx pause

Ethernet1/23 is down (Link not connected)
admin state is up, Dedicated Interface
  Hardware: 100/1000/10000 Ethernet, address: 5e00.8001.001e (bia 5e00.8001.001e)
  MTU 1500 bytes, BW 10000000 Kbit, DLY 10 usec
  reliability 255/255, txload 1/255, rxload 1/255
  Encapsulation ARPA, medium is broadcast
  Port mode is access
  auto-duplex, auto-speed
  Beacon is turned off
  Auto-Negotiation is turned on  FEC mode is Auto
  Input flow-control is off, output flow-control is off
  Auto-mdix is turned off
  Switchport monitor is off 
  EtherType is 0x8100 
  EEE (efficient-ethernet) : n/a
  Last link flapped never
  Last clearing of "show interface" counters never
  0 interface resets
  Load-Interval #1: 30 seconds
    30 seconds input rate 0 bits/sec, 0 packets/sec
    30 seconds output rate 0 bits/sec, 0 packets/sec
    input rate 0 bps, 0 pps; output rate 0 bps, 0 pps
  Load-Interval #2: 5 minute (300 seconds)
    300 seconds input rate 0 bits/sec, 0 packets/sec
    300 seconds output rate 0 bits/sec, 0 packets/sec
    input rate 0 bps, 0 pps; output rate 0 bps, 0 pps
  RX
    0 unicast packets  0 multicast packets  0 broadcast packets
    0 input packets  0 bytes
    0 jumbo packets  0 storm suppression packets
    0 runts  0 giants  0 CRC  0 no buffer
    0 input error  0 short frame  0 overrun   0 underrun  0 ignored
    0 watchdog  0 bad etype drop  0 bad proto drop  0 if down drop
    0 input with dribble  0 input discard
    0 Rx pause
  TX
    0 unicast packets  0 multicast packets  0 broadcast packets
    0 output packets  0 bytes
    0 jumbo packets
    0 output error  0 collision  0 deferred  0 late collision
    0 lost carrier  0 no carrier  0 babble  0 output discard
    0 Tx pause

Ethernet1/24 is down (Link not connected)
admin state is up, Dedicated Interface
  Hardware: 100/1000/10000 Ethernet, address: 5e00.8001.001f (bia 5e00.8001.001f)
  MTU 1500 bytes, BW 10000000 Kbit, DLY 10 usec
  reliability 255/255, txload 1/255, rxload 1/255
  Encapsulation ARPA, medium is broadcast
  Port mode is access
  auto-duplex, auto-speed
  Beacon is turned off
  Auto-Negotiation is turned on  FEC mode is Auto
  Input flow-control is off, output flow-control is off
  Auto-mdix is turned off
  Switchport monitor is off 
  EtherType is 0x8100 
  EEE (efficient-ethernet) : n/a
  Last link flapped never
  Last clearing of "show interface" counters never
  0 interface resets
  Load-Interval #1: 30 seconds
    30 seconds input rate 0 bits/sec, 0 packets/sec
    30 seconds output rate 0 bits/sec, 0 packets/sec
    input rate 0 bps, 0 pps; output rate 0 bps, 0 pps
  Load-Interval #2: 5 minute (300 seconds)
    300 seconds input rate 0 bits/sec, 0 packets/sec
    300 seconds output rate 0 bits/sec, 0 packets/sec
    input rate 0 bps, 0 pps; output rate 0 bps, 0 pps
  RX
    0 unicast packets  0 multicast packets  0 broadcast packets
    0 input packets  0 bytes
    0 jumbo packets  0 storm suppression packets
    0 runts  0 giants  0 CRC  0 no buffer
    0 input error  0 short frame  0 overrun   0 underrun  0 ignored
    0 watchdog  0 bad etype drop  0 bad proto drop  0 if down drop
    0 input with dribble  0 input discard
    0 Rx pause
  TX
    0 unicast packets  0 multicast packets  0 broadcast packets
    0 output packets  0 bytes
    0 jumbo packets
    0 output error  0 collision  0 deferred  0 late collision
    0 lost carrier  0 no carrier  0 babble  0 output discard
    0 Tx pause

Ethernet1/25 is down (Link not connected)
admin state is up, Dedicated Interface
  Hardware: 100/1000/10000 Ethernet, address: 5e00.8001.0020 (bia 5e00.8001.0020)
  MTU 1500 bytes, BW 10000000 Kbit, DLY 10 usec
  reliability 255/255, txload 1/255, rxload 1/255
  Encapsulation ARPA, medium is broadcast
  Port mode is access
  auto-duplex, auto-speed
  Beacon is turned off
  Auto-Negotiation is turned on  FEC mode is Auto
  Input flow-control is off, output flow-control is off
  Auto-mdix is turned off
  Switchport monitor is off 
  EtherType is 0x8100 
  EEE (efficient-ethernet) : n/a
  Last link flapped never
  Last clearing of "show interface" counters never
  0 interface resets
  Load-Interval #1: 30 seconds
    30 seconds input rate 0 bits/sec, 0 packets/sec
    30 seconds output rate 0 bits/sec, 0 packets/sec
    input rate 0 bps, 0 pps; output rate 0 bps, 0 pps
  Load-Interval #2: 5 minute (300 seconds)
    300 seconds input rate 0 bits/sec, 0 packets/sec
    300 seconds output rate 0 bits/sec, 0 packets/sec
    input rate 0 bps, 0 pps; output rate 0 bps, 0 pps
  RX
    0 unicast packets  0 multicast packets  0 broadcast packets
    0 input packets  0 bytes
    0 jumbo packets  0 storm suppression packets
    0 runts  0 giants  0 CRC  0 no buffer
    0 input error  0 short frame  0 overrun   0 underrun  0 ignored
    0 watchdog  0 bad etype drop  0 bad proto drop  0 if down drop
    0 input with dribble  0 input discard
    0 Rx pause
  TX
    0 unicast packets  0 multicast packets  0 broadcast packets
    0 output packets  0 bytes
    0 jumbo packets
    0 output error  0 collision  0 deferred  0 late collision
    0 lost carrier  0 no carrier  0 babble  0 output discard
    0 Tx pause

Ethernet1/26 is down (Link not connected)
admin state is up, Dedicated Interface
  Hardware: 100/1000/10000 Ethernet, address: 5e00.8001.0021 (bia 5e00.8001.0021)
  MTU 1500 bytes, BW 10000000 Kbit, DLY 10 usec
  reliability 255/255, txload 1/255, rxload 1/255
  Encapsulation ARPA, medium is broadcast
  Port mode is access
  auto-duplex, auto-speed
  Beacon is turned off
  Auto-Negotiation is turned on  FEC mode is Auto
  Input flow-control is off, output flow-control is off
  Auto-mdix is turned off
  Switchport monitor is off 
  EtherType is 0x8100 
  EEE (efficient-ethernet) : n/a
  Last link flapped never
  Last clearing of "show interface" counters never
  0 interface resets
  Load-Interval #1: 30 seconds
    30 seconds input rate 0 bits/sec, 0 packets/sec
    30 seconds output rate 0 bits/sec, 0 packets/sec
    input rate 0 bps, 0 pps; output rate 0 bps, 0 pps
  Load-Interval #2: 5 minute (300 seconds)
    300 seconds input rate 0 bits/sec, 0 packets/sec
    300 seconds output rate 0 bits/sec, 0 packets/sec
    input rate 0 bps, 0 pps; output rate 0 bps, 0 pps
  RX
    0 unicast packets  0 multicast packets  0 broadcast packets
    0 input packets  0 bytes
    0 jumbo packets  0 storm suppression packets
    0 runts  0 giants  0 CRC  0 no buffer
    0 input error  0 short frame  0 overrun   0 underrun  0 ignored
    0 watchdog  0 bad etype drop  0 bad proto drop  0 if down drop
    0 input with dribble  0 input discard
    0 Rx pause
  TX
    0 unicast packets  0 multicast packets  0 broadcast packets
    0 output packets  0 bytes
    0 jumbo packets
    0 output error  0 collision  0 deferred  0 late collision
    0 lost carrier  0 no carrier  0 babble  0 output discard
    0 Tx pause

Ethernet1/27 is down (Link not connected)
admin state is up, Dedicated Interface
  Hardware: 100/1000/10000 Ethernet, address: 5e00.8001.0022 (bia 5e00.8001.0022)
  MTU 1500 bytes, BW 10000000 Kbit, DLY 10 usec
  reliability 255/255, txload 1/255, rxload 1/255
  Encapsulation ARPA, medium is broadcast
  Port mode is access
  auto-duplex, auto-speed
  Beacon is turned off
  Auto-Negotiation is turned on  FEC mode is Auto
  Input flow-control is off, output flow-control is off
  Auto-mdix is turned off
  Switchport monitor is off 
  EtherType is 0x8100 
  EEE (efficient-ethernet) : n/a
  Last link flapped never
  Last clearing of "show interface" counters never
  0 interface resets
  Load-Interval #1: 30 seconds
    30 seconds input rate 0 bits/sec, 0 packets/sec
    30 seconds output rate 0 bits/sec, 0 packets/sec
    input rate 0 bps, 0 pps; output rate 0 bps, 0 pps
  Load-Interval #2: 5 minute (300 seconds)
    300 seconds input rate 0 bits/sec, 0 packets/sec
    300 seconds output rate 0 bits/sec, 0 packets/sec
    input rate 0 bps, 0 pps; output rate 0 bps, 0 pps
  RX
    0 unicast packets  0 multicast packets  0 broadcast packets
    0 input packets  0 bytes
    0 jumbo packets  0 storm suppression packets
    0 runts  0 giants  0 CRC  0 no buffer
    0 input error  0 short frame  0 overrun   0 underrun  0 ignored
    0 watchdog  0 bad etype drop  0 bad proto drop  0 if down drop
    0 input with dribble  0 input discard
    0 Rx pause
  TX
    0 unicast packets  0 multicast packets  0 broadcast packets
    0 output packets  0 bytes
    0 jumbo packets
    0 output error  0 collision  0 deferred  0 late collision
    0 lost carrier  0 no carrier  0 babble  0 output discard
    0 Tx pause

Ethernet1/28 is down (Link not connected)
admin state is up, Dedicated Interface
  Hardware: 100/1000/10000 Ethernet, address: 5e00.8001.0023 (bia 5e00.8001.0023)
  MTU 1500 bytes, BW 10000000 Kbit, DLY 10 usec
  reliability 255/255, txload 1/255, rxload 1/255
  Encapsulation ARPA, medium is broadcast
  Port mode is access
  auto-duplex, auto-speed
  Beacon is turned off
  Auto-Negotiation is turned on  FEC mode is Auto
  Input flow-control is off, output flow-control is off
  Auto-mdix is turned off
  Switchport monitor is off 
  EtherType is 0x8100 
  EEE (efficient-ethernet) : n/a
  Last link flapped never
  Last clearing of "show interface" counters never
  0 interface resets
  Load-Interval #1: 30 seconds
    30 seconds input rate 0 bits/sec, 0 packets/sec
    30 seconds output rate 0 bits/sec, 0 packets/sec
    input rate 0 bps, 0 pps; output rate 0 bps, 0 pps
  Load-Interval #2: 5 minute (300 seconds)
    300 seconds input rate 0 bits/sec, 0 packets/sec
    300 seconds output rate 0 bits/sec, 0 packets/sec
    input rate 0 bps, 0 pps; output rate 0 bps, 0 pps
  RX
    0 unicast packets  0 multicast packets  0 broadcast packets
    0 input packets  0 bytes
    0 jumbo packets  0 storm suppression packets
    0 runts  0 giants  0 CRC  0 no buffer
    0 input error  0 short frame  0 overrun   0 underrun  0 ignored
    0 watchdog  0 bad etype drop  0 bad proto drop  0 if down drop
    0 input with dribble  0 input discard
    0 Rx pause
  TX
    0 unicast packets  0 multicast packets  0 broadcast packets
    0 output packets  0 bytes
    0 jumbo packets
    0 output error  0 collision  0 deferred  0 late collision
    0 lost carrier  0 no carrier  0 babble  0 output discard
    0 Tx pause

Ethernet1/29 is down (Link not connected)
admin state is up, Dedicated Interface
  Hardware: 100/1000/10000 Ethernet, address: 5e00.8001.0024 (bia 5e00.8001.0024)
  MTU 1500 bytes, BW 10000000 Kbit, DLY 10 usec
  reliability 255/255, txload 1/255, rxload 1/255
  Encapsulation ARPA, medium is broadcast
  Port mode is access
  auto-duplex, auto-speed
  Beacon is turned off
  Auto-Negotiation is turned on  FEC mode is Auto
  Input flow-control is off, output flow-control is off
  Auto-mdix is turned off
  Switchport monitor is off 
  EtherType is 0x8100 
  EEE (efficient-ethernet) : n/a
  Last link flapped never
  Last clearing of "show interface" counters never
  0 interface resets
  Load-Interval #1: 30 seconds
    30 seconds input rate 0 bits/sec, 0 packets/sec
    30 seconds output rate 0 bits/sec, 0 packets/sec
    input rate 0 bps, 0 pps; output rate 0 bps, 0 pps
  Load-Interval #2: 5 minute (300 seconds)
    300 seconds input rate 0 bits/sec, 0 packets/sec
    300 seconds output rate 0 bits/sec, 0 packets/sec
    input rate 0 bps, 0 pps; output rate 0 bps, 0 pps
  RX
    0 unicast packets  0 multicast packets  0 broadcast packets
    0 input packets  0 bytes
    0 jumbo packets  0 storm suppression packets
    0 runts  0 giants  0 CRC  0 no buffer
    0 input error  0 short frame  0 overrun   0 underrun  0 ignored
    0 watchdog  0 bad etype drop  0 bad proto drop  0 if down drop
    0 input with dribble  0 input discard
    0 Rx pause
  TX
    0 unicast packets  0 multicast packets  0 broadcast packets
    0 output packets  0 bytes
    0 jumbo packets
    0 output error  0 collision  0 deferred  0 late collision
    0 lost carrier  0 no carrier  0 babble  0 output discard
    0 Tx pause

Ethernet1/30 is down (Link not connected)
admin state is up, Dedicated Interface
  Hardware: 100/1000/10000 Ethernet, address: 5e00.8001.0025 (bia 5e00.8001.0025)
  MTU 1500 bytes, BW 10000000 Kbit, DLY 10 usec
  reliability 255/255, txload 1/255, rxload 1/255
  Encapsulation ARPA, medium is broadcast
  Port mode is access
  auto-duplex, auto-speed
  Beacon is turned off
  Auto-Negotiation is turned on  FEC mode is Auto
  Input flow-control is off, output flow-control is off
  Auto-mdix is turned off
  Switchport monitor is off 
  EtherType is 0x8100 
  EEE (efficient-ethernet) : n/a
  Last link flapped never
  Last clearing of "show interface" counters never
  0 interface resets
  Load-Interval #1: 30 seconds
    30 seconds input rate 0 bits/sec, 0 packets/sec
    30 seconds output rate 0 bits/sec, 0 packets/sec
    input rate 0 bps, 0 pps; output rate 0 bps, 0 pps
  Load-Interval #2: 5 minute (300 seconds)
    300 seconds input rate 0 bits/sec, 0 packets/sec
    300 seconds output rate 0 bits/sec, 0 packets/sec
    input rate 0 bps, 0 pps; output rate 0 bps, 0 pps
  RX
    0 unicast packets  0 multicast packets  0 broadcast packets
    0 input packets  0 bytes
    0 jumbo packets  0 storm suppression packets
    0 runts  0 giants  0 CRC  0 no buffer
    0 input error  0 short frame  0 overrun   0 underrun  0 ignored
    0 watchdog  0 bad etype drop  0 bad proto drop  0 if down drop
    0 input with dribble  0 input discard
    0 Rx pause
  TX
    0 unicast packets  0 multicast packets  0 broadcast packets
    0 output packets  0 bytes
    0 jumbo packets
    0 output error  0 collision  0 deferred  0 late collision
    0 lost carrier  0 no carrier  0 babble  0 output discard
    0 Tx pause

Ethernet1/31 is down (Link not connected)
admin state is up, Dedicated Interface
  Hardware: 100/1000/10000 Ethernet, address: 5e00.8001.0026 (bia 5e00.8001.0026)
  MTU 1500 bytes, BW 10000000 Kbit, DLY 10 usec
  reliability 255/255, txload 1/255, rxload 1/255
  Encapsulation ARPA, medium is broadcast
  Port mode is access
  auto-duplex, auto-speed
  Beacon is turned off
  Auto-Negotiation is turned on  FEC mode is Auto
  Input flow-control is off, output flow-control is off
  Auto-mdix is turned off
  Switchport monitor is off 
  EtherType is 0x8100 
  EEE (efficient-ethernet) : n/a
  Last link flapped never
  Last clearing of "show interface" counters never
  0 interface resets
  Load-Interval #1: 30 seconds
    30 seconds input rate 0 bits/sec, 0 packets/sec
    30 seconds output rate 0 bits/sec, 0 packets/sec
    input rate 0 bps, 0 pps; output rate 0 bps, 0 pps
  Load-Interval #2: 5 minute (300 seconds)
    300 seconds input rate 0 bits/sec, 0 packets/sec
    300 seconds output rate 0 bits/sec, 0 packets/sec
    input rate 0 bps, 0 pps; output rate 0 bps, 0 pps
  RX
    0 unicast packets  0 multicast packets  0 broadcast packets
    0 input packets  0 bytes
    0 jumbo packets  0 storm suppression packets
    0 runts  0 giants  0 CRC  0 no buffer
    0 input error  0 short frame  0 overrun   0 underrun  0 ignored
    0 watchdog  0 bad etype drop  0 bad proto drop  0 if down drop
    0 input with dribble  0 input discard
    0 Rx pause
  TX
    0 unicast packets  0 multicast packets  0 broadcast packets
    0 output packets  0 bytes
    0 jumbo packets
    0 output error  0 collision  0 deferred  0 late collision
    0 lost carrier  0 no carrier  0 babble  0 output discard
    0 Tx pause

Ethernet1/32 is down (Link not connected)
admin state is up, Dedicated Interface
  Hardware: 100/1000/10000 Ethernet, address: 5e00.8001.0027 (bia 5e00.8001.0027)
  MTU 1500 bytes, BW 10000000 Kbit, DLY 10 usec
  reliability 255/255, txload 1/255, rxload 1/255
  Encapsulation ARPA, medium is broadcast
  Port mode is access
  auto-duplex, auto-speed
  Beacon is turned off
  Auto-Negotiation is turned on  FEC mode is Auto
  Input flow-control is off, output flow-control is off
  Auto-mdix is turned off
  Switchport monitor is off 
  EtherType is 0x8100 
  EEE (efficient-ethernet) : n/a
  Last link flapped never
  Last clearing of "show interface" counters never
  0 interface resets
  Load-Interval #1: 30 seconds
    30 seconds input rate 0 bits/sec, 0 packets/sec
    30 seconds output rate 0 bits/sec, 0 packets/sec
    input rate 0 bps, 0 pps; output rate 0 bps, 0 pps
  Load-Interval #2: 5 minute (300 seconds)
    300 seconds input rate 0 bits/sec, 0 packets/sec
    300 seconds output rate 0 bits/sec, 0 packets/sec
    input rate 0 bps, 0 pps; output rate 0 bps, 0 pps
  RX
    0 unicast packets  0 multicast packets  0 broadcast packets
    0 input packets  0 bytes
    0 jumbo packets  0 storm suppression packets
    0 runts  0 giants  0 CRC  0 no buffer
    0 input error  0 short frame  0 overrun   0 underrun  0 ignored
    0 watchdog  0 bad etype drop  0 bad proto drop  0 if down drop
    0 input with dribble  0 input discard
    0 Rx pause
  TX
    0 unicast packets  0 multicast packets  0 broadcast packets
    0 output packets  0 bytes
    0 jumbo packets
    0 output error  0 collision  0 deferred  0 late collision
    0 lost carrier  0 no carrier  0 babble  0 output discard
    0 Tx pause

Ethernet1/33 is down (Link not connected)
admin state is up, Dedicated Interface
  Hardware: 100/1000/10000 Ethernet, address: 5e00.8001.0028 (bia 5e00.8001.0028)
  MTU 1500 bytes, BW 10000000 Kbit, DLY 10 usec
  reliability 255/255, txload 1/255, rxload 1/255
  Encapsulation ARPA, medium is broadcast
  Port mode is access
  auto-duplex, auto-speed
  Beacon is turned off
  Auto-Negotiation is turned on  FEC mode is Auto
  Input flow-control is off, output flow-control is off
  Auto-mdix is turned off
  Switchport monitor is off 
  EtherType is 0x8100 
  EEE (efficient-ethernet) : n/a
  Last link flapped never
  Last clearing of "show interface" counters never
  0 interface resets
  Load-Interval #1: 30 seconds
    30 seconds input rate 0 bits/sec, 0 packets/sec
    30 seconds output rate 0 bits/sec, 0 packets/sec
    input rate 0 bps, 0 pps; output rate 0 bps, 0 pps
  Load-Interval #2: 5 minute (300 seconds)
    300 seconds input rate 0 bits/sec, 0 packets/sec
    300 seconds output rate 0 bits/sec, 0 packets/sec
    input rate 0 bps, 0 pps; output rate 0 bps, 0 pps
  RX
    0 unicast packets  0 multicast packets  0 broadcast packets
    0 input packets  0 bytes
    0 jumbo packets  0 storm suppression packets
    0 runts  0 giants  0 CRC  0 no buffer
    0 input error  0 short frame  0 overrun   0 underrun  0 ignored
    0 watchdog  0 bad etype drop  0 bad proto drop  0 if down drop
    0 input with dribble  0 input discard
    0 Rx pause
  TX
    0 unicast packets  0 multicast packets  0 broadcast packets
    0 output packets  0 bytes
    0 jumbo packets
    0 output error  0 collision  0 deferred  0 late collision
    0 lost carrier  0 no carrier  0 babble  0 output discard
    0 Tx pause

Ethernet1/34 is down (Link not connected)
admin state is up, Dedicated Interface
  Hardware: 100/1000/10000 Ethernet, address: 5e00.8001.0029 (bia 5e00.8001.0029)
  MTU 1500 bytes, BW 10000000 Kbit, DLY 10 usec
  reliability 255/255, txload 1/255, rxload 1/255
  Encapsulation ARPA, medium is broadcast
  Port mode is access
  auto-duplex, auto-speed
  Beacon is turned off
  Auto-Negotiation is turned on  FEC mode is Auto
  Input flow-control is off, output flow-control is off
  Auto-mdix is turned off
  Switchport monitor is off 
  EtherType is 0x8100 
  EEE (efficient-ethernet) : n/a
  Last link flapped never
  Last clearing of "show interface" counters never
  0 interface resets
  Load-Interval #1: 30 seconds
    30 seconds input rate 0 bits/sec, 0 packets/sec
    30 seconds output rate 0 bits/sec, 0 packets/sec
    input rate 0 bps, 0 pps; output rate 0 bps, 0 pps
  Load-Interval #2: 5 minute (300 seconds)
    300 seconds input rate 0 bits/sec, 0 packets/sec
    300 seconds output rate 0 bits/sec, 0 packets/sec
    input rate 0 bps, 0 pps; output rate 0 bps, 0 pps
  RX
    0 unicast packets  0 multicast packets  0 broadcast packets
    0 input packets  0 bytes
    0 jumbo packets  0 storm suppression packets
    0 runts  0 giants  0 CRC  0 no buffer
    0 input error  0 short frame  0 overrun   0 underrun  0 ignored
    0 watchdog  0 bad etype drop  0 bad proto drop  0 if down drop
    0 input with dribble  0 input discard
    0 Rx pause
  TX
    0 unicast packets  0 multicast packets  0 broadcast packets
    0 output packets  0 bytes
    0 jumbo packets
    0 output error  0 collision  0 deferred  0 late collision
    0 lost carrier  0 no carrier  0 babble  0 output discard
    0 Tx pause

Ethernet1/35 is down (Link not connected)
admin state is up, Dedicated Interface
  Hardware: 100/1000/10000 Ethernet, address: 5e00.8001.002a (bia 5e00.8001.002a)
  MTU 1500 bytes, BW 10000000 Kbit, DLY 10 usec
  reliability 255/255, txload 1/255, rxload 1/255
  Encapsulation ARPA, medium is broadcast
  Port mode is access
  auto-duplex, auto-speed
  Beacon is turned off
  Auto-Negotiation is turned on  FEC mode is Auto
  Input flow-control is off, output flow-control is off
  Auto-mdix is turned off
  Switchport monitor is off 
  EtherType is 0x8100 
  EEE (efficient-ethernet) : n/a
  Last link flapped never
  Last clearing of "show interface" counters never
  0 interface resets
  Load-Interval #1: 30 seconds
    30 seconds input rate 0 bits/sec, 0 packets/sec
    30 seconds output rate 0 bits/sec, 0 packets/sec
    input rate 0 bps, 0 pps; output rate 0 bps, 0 pps
  Load-Interval #2: 5 minute (300 seconds)
    300 seconds input rate 0 bits/sec, 0 packets/sec
    300 seconds output rate 0 bits/sec, 0 packets/sec
    input rate 0 bps, 0 pps; output rate 0 bps, 0 pps
  RX
    0 unicast packets  0 multicast packets  0 broadcast packets
    0 input packets  0 bytes
    0 jumbo packets  0 storm suppression packets
    0 runts  0 giants  0 CRC  0 no buffer
    0 input error  0 short frame  0 overrun   0 underrun  0 ignored
    0 watchdog  0 bad etype drop  0 bad proto drop  0 if down drop
    0 input with dribble  0 input discard
    0 Rx pause
  TX
    0 unicast packets  0 multicast packets  0 broadcast packets
    0 output packets  0 bytes
    0 jumbo packets
    0 output error  0 collision  0 deferred  0 late collision
    0 lost carrier  0 no carrier  0 babble  0 output discard
    0 Tx pause

Ethernet1/36 is down (Link not connected)
admin state is up, Dedicated Interface
  Hardware: 100/1000/10000 Ethernet, address: 5e00.8001.002b (bia 5e00.8001.002b)
  MTU 1500 bytes, BW 10000000 Kbit, DLY 10 usec
  reliability 255/255, txload 1/255, rxload 1/255
  Encapsulation ARPA, medium is broadcast
  Port mode is access
  auto-duplex, auto-speed
  Beacon is turned off
  Auto-Negotiation is turned on  FEC mode is Auto
  Input flow-control is off, output flow-control is off
  Auto-mdix is turned off
  Switchport monitor is off 
  EtherType is 0x8100 
  EEE (efficient-ethernet) : n/a
  Last link flapped never
  Last clearing of "show interface" counters never
  0 interface resets
  Load-Interval #1: 30 seconds
    30 seconds input rate 0 bits/sec, 0 packets/sec
    30 seconds output rate 0 bits/sec, 0 packets/sec
    input rate 0 bps, 0 pps; output rate 0 bps, 0 pps
  Load-Interval #2: 5 minute (300 seconds)
    300 seconds input rate 0 bits/sec, 0 packets/sec
    300 seconds output rate 0 bits/sec, 0 packets/sec
    input rate 0 bps, 0 pps; output rate 0 bps, 0 pps
  RX
    0 unicast packets  0 multicast packets  0 broadcast packets
    0 input packets  0 bytes
    0 jumbo packets  0 storm suppression packets
    0 runts  0 giants  0 CRC  0 no buffer
    0 input error  0 short frame  0 overrun   0 underrun  0 ignored
    0 watchdog  0 bad etype drop  0 bad proto drop  0 if down drop
    0 input with dribble  0 input discard
    0 Rx pause
  TX
    0 unicast packets  0 multicast packets  0 broadcast packets
    0 output packets  0 bytes
    0 jumbo packets
    0 output error  0 collision  0 deferred  0 late collision
    0 lost carrier  0 no carrier  0 babble  0 output discard
    0 Tx pause

Ethernet1/37 is down (Link not connected)
admin state is up, Dedicated Interface
  Hardware: 100/1000/10000 Ethernet, address: 5e00.8001.002c (bia 5e00.8001.002c)
  MTU 1500 bytes, BW 10000000 Kbit, DLY 10 usec
  reliability 255/255, txload 1/255, rxload 1/255
  Encapsulation ARPA, medium is broadcast
  Port mode is access
  auto-duplex, auto-speed
  Beacon is turned off
  Auto-Negotiation is turned on  FEC mode is Auto
  Input flow-control is off, output flow-control is off
  Auto-mdix is turned off
  Switchport monitor is off 
  EtherType is 0x8100 
  EEE (efficient-ethernet) : n/a
  Last link flapped never
  Last clearing of "show interface" counters never
  0 interface resets
  Load-Interval #1: 30 seconds
    30 seconds input rate 0 bits/sec, 0 packets/sec
    30 seconds output rate 0 bits/sec, 0 packets/sec
    input rate 0 bps, 0 pps; output rate 0 bps, 0 pps
  Load-Interval #2: 5 minute (300 seconds)
    300 seconds input rate 0 bits/sec, 0 packets/sec
    300 seconds output rate 0 bits/sec, 0 packets/sec
    input rate 0 bps, 0 pps; output rate 0 bps, 0 pps
  RX
    0 unicast packets  0 multicast packets  0 broadcast packets
    0 input packets  0 bytes
    0 jumbo packets  0 storm suppression packets
    0 runts  0 giants  0 CRC  0 no buffer
    0 input error  0 short frame  0 overrun   0 underrun  0 ignored
    0 watchdog  0 bad etype drop  0 bad proto drop  0 if down drop
    0 input with dribble  0 input discard
    0 Rx pause
  TX
    0 unicast packets  0 multicast packets  0 broadcast packets
    0 output packets  0 bytes
    0 jumbo packets
    0 output error  0 collision  0 deferred  0 late collision
    0 lost carrier  0 no carrier  0 babble  0 output discard
    0 Tx pause

Ethernet1/38 is down (Link not connected)
admin state is up, Dedicated Interface
  Hardware: 100/1000/10000 Ethernet, address: 5e00.8001.002d (bia 5e00.8001.002d)
  MTU 1500 bytes, BW 10000000 Kbit, DLY 10 usec
  reliability 255/255, txload 1/255, rxload 1/255
  Encapsulation ARPA, medium is broadcast
  Port mode is access
  auto-duplex, auto-speed
  Beacon is turned off
  Auto-Negotiation is turned on  FEC mode is Auto
  Input flow-control is off, output flow-control is off
  Auto-mdix is turned off
  Switchport monitor is off 
  EtherType is 0x8100 
  EEE (efficient-ethernet) : n/a
  Last link flapped never
  Last clearing of "show interface" counters never
  0 interface resets
  Load-Interval #1: 30 seconds
    30 seconds input rate 0 bits/sec, 0 packets/sec
    30 seconds output rate 0 bits/sec, 0 packets/sec
    input rate 0 bps, 0 pps; output rate 0 bps, 0 pps
  Load-Interval #2: 5 minute (300 seconds)
    300 seconds input rate 0 bits/sec, 0 packets/sec
    300 seconds output rate 0 bits/sec, 0 packets/sec
    input rate 0 bps, 0 pps; output rate 0 bps, 0 pps
  RX
    0 unicast packets  0 multicast packets  0 broadcast packets
    0 input packets  0 bytes
    0 jumbo packets  0 storm suppression packets
    0 runts  0 giants  0 CRC  0 no buffer
    0 input error  0 short frame  0 overrun   0 underrun  0 ignored
    0 watchdog  0 bad etype drop  0 bad proto drop  0 if down drop
    0 input with dribble  0 input discard
    0 Rx pause
  TX
    0 unicast packets  0 multicast packets  0 broadcast packets
    0 output packets  0 bytes
    0 jumbo packets
    0 output error  0 collision  0 deferred  0 late collision
    0 lost carrier  0 no carrier  0 babble  0 output discard
    0 Tx pause

Ethernet1/39 is down (Link not connected)
admin state is up, Dedicated Interface
  Hardware: 100/1000/10000 Ethernet, address: 5e00.8001.002e (bia 5e00.8001.002e)
  MTU 1500 bytes, BW 10000000 Kbit, DLY 10 usec
  reliability 255/255, txload 1/255, rxload 1/255
  Encapsulation ARPA, medium is broadcast
  Port mode is access
  auto-duplex, auto-speed
  Beacon is turned off
  Auto-Negotiation is turned on  FEC mode is Auto
  Input flow-control is off, output flow-control is off
  Auto-mdix is turned off
  Switchport monitor is off 
  EtherType is 0x8100 
  EEE (efficient-ethernet) : n/a
  Last link flapped never
  Last clearing of "show interface" counters never
  0 interface resets
  Load-Interval #1: 30 seconds
    30 seconds input rate 0 bits/sec, 0 packets/sec
    30 seconds output rate 0 bits/sec, 0 packets/sec
    input rate 0 bps, 0 pps; output rate 0 bps, 0 pps
  Load-Interval #2: 5 minute (300 seconds)
    300 seconds input rate 0 bits/sec, 0 packets/sec
    300 seconds output rate 0 bits/sec, 0 packets/sec
    input rate 0 bps, 0 pps; output rate 0 bps, 0 pps
  RX
    0 unicast packets  0 multicast packets  0 broadcast packets
    0 input packets  0 bytes
    0 jumbo packets  0 storm suppression packets
    0 runts  0 giants  0 CRC  0 no buffer
    0 input error  0 short frame  0 overrun   0 underrun  0 ignored
    0 watchdog  0 bad etype drop  0 bad proto drop  0 if down drop
    0 input with dribble  0 input discard
    0 Rx pause
  TX
    0 unicast packets  0 multicast packets  0 broadcast packets
    0 output packets  0 bytes
    0 jumbo packets
    0 output error  0 collision  0 deferred  0 late collision
    0 lost carrier  0 no carrier  0 babble  0 output discard
    0 Tx pause

Ethernet1/40 is down (Link not connected)
admin state is up, Dedicated Interface
  Hardware: 100/1000/10000 Ethernet, address: 5e00.8001.002f (bia 5e00.8001.002f)
  MTU 1500 bytes, BW 10000000 Kbit, DLY 10 usec
  reliability 255/255, txload 1/255, rxload 1/255
  Encapsulation ARPA, medium is broadcast
  Port mode is access
  auto-duplex, auto-speed
  Beacon is turned off
  Auto-Negotiation is turned on  FEC mode is Auto
  Input flow-control is off, output flow-control is off
  Auto-mdix is turned off
  Switchport monitor is off 
  EtherType is 0x8100 
  EEE (efficient-ethernet) : n/a
  Last link flapped never
  Last clearing of "show interface" counters never
  0 interface resets
  Load-Interval #1: 30 seconds
    30 seconds input rate 0 bits/sec, 0 packets/sec
    30 seconds output rate 0 bits/sec, 0 packets/sec
    input rate 0 bps, 0 pps; output rate 0 bps, 0 pps
  Load-Interval #2: 5 minute (300 seconds)
    300 seconds input rate 0 bits/sec, 0 packets/sec
    300 seconds output rate 0 bits/sec, 0 packets/sec
    input rate 0 bps, 0 pps; output rate 0 bps, 0 pps
  RX
    0 unicast packets  0 multicast packets  0 broadcast packets
    0 input packets  0 bytes
    0 jumbo packets  0 storm suppression packets
    0 runts  0 giants  0 CRC  0 no buffer
    0 input error  0 short frame  0 overrun   0 underrun  0 ignored
    0 watchdog  0 bad etype drop  0 bad proto drop  0 if down drop
    0 input with dribble  0 input discard
    0 Rx pause
  TX
    0 unicast packets  0 multicast packets  0 broadcast packets
    0 output packets  0 bytes
    0 jumbo packets
    0 output error  0 collision  0 deferred  0 late collision
[...]
  Probe proxy name replies are disabled
  Policy routing is disabled
  Network address translation is disabled
  BGP Policy Mapping is disabled
  Input features: MCI Check
  IPv4 WCCP Redirect outbound is disabled
  IPv4 WCCP Redirect inbound is disabled
  IPv4 WCCP Redirect exclude is disabled</msg>
<msg timestamp="20190513 09:57:47.836" level="INFO">xe#</msg>
<msg timestamp="20190513 09:57:47.836" level="INFO">+++ xe: execute command 'show ip arp summary' +++</msg>
<msg timestamp="20190513 09:57:47.885" level="INFO">show ip arp summary</msg>
<msg timestamp="20190513 09:57:47.885" level="INFO">7 IP ARP entries, with 0 of them incomplete</msg>
<msg timestamp="20190513 09:57:47.886" level="INFO">xe#</msg>
<msg timestamp="20190513 09:57:47.886" level="INFO">+++ xe: execute command 'show ip traffic' +++</msg>
<msg timestamp="20190513 09:57:47.931" level="INFO">show ip traffic</msg>
<msg timestamp="20190513 09:57:47.931" level="INFO">IP statistics:
  Rcvd:  6891 total, 3182 local destination
         0 format errors, 0 checksum errors, 0 bad hop count
         0 unknown protocol, 0 not a gateway
         0 security failures, 0 bad options, 0 with options
  Opts:  0 end, 0 nop, 0 basic security, 0 loose source route
         0 timestamp, 0 extended security, 0 record route
         0 stream ID, 0 strict source route, 0 alert, 0 cipso, 0 ump
         0 other, 0 ignored
  Frags: 0 reassembled, 0 timeouts, 0 couldn't reassemble
         0 fragmented, 0 fragments, 0 couldn't fragment
         0 invalid hole
  Bcast: 2 received, 6 sent
  Mcast: 2205 received, 2189 sent
  Sent:  3164 generated, 673 forwarded
  Drop:  2 encapsulation failed, 0 unresolved, 0 no adjacency
         4 no route, 0 unicast RPF, 0 forced drop, 0 unsupported-addr
         0 options denied, 0 source IP address zero

ICMP statistics:
  Rcvd: 0 format errors, 0 checksum errors, 0 redirects, 0 unreachable
        3030 echo, 0 echo reply, 0 mask requests, 0 mask replies, 0 quench
        0 parameter, 0 timestamp, 0 timestamp replies, 0 info request, 0 other
        0 irdp solicitations, 0 irdp advertisements
        0 time exceeded, 0 info replies
  Sent: 0 redirects, 1 unreachable, 0 echo, 3030 echo reply
        0 mask requests, 0 mask replies, 0 quench, 0 timestamp, 0 timestamp replies
        0 info reply, 0 time exceeded, 0 parameter problem
        0 irdp solicitations, 0 irdp advertisements

UDP statistics:
  Rcvd: 0 total, 0 checksum errors, 0 no port 0 finput
  Sent: 6 total, 0 forwarded broadcasts

OSPF statistics:
  Last clearing of OSPF traffic counters never
  Rcvd: 2216 total, 0 checksum errors
  	2171 hello, 5 database desc, 2 link state req
  	13 link state updates, 25 link state acks
  Sent: 2201 total
  	2151 hello, 5 database desc, 2 link state req
  	34 link state updates, 11 link state acks

TCP statistics:
  Rcvd: 966 total, 0 checksum errors, 0 no port
  Sent: 957 total

Probe statistics:
  Rcvd: 0 address requests, 0 address replies
        0 proxy name requests, 0 where-is requests, 0 other
  Sent: 0 address requests, 0 address replies (0 proxy)
        0 proxy name replies, 0 where-is replies

EIGRP-IPv4 statistics:
  Rcvd: 0 total
  Sent: 0 total

BGP statistics:
  Rcvd: 336 total, 2 opens, 0 notifications, 4 updates
        330 keepalives, 0 route-refresh, 0 unrecognized
  Sent: 370 total, 2 opens, 0 notifications, 0 updates
        368 keepalives, 0 route-refresh

PIMv2 statistics: Sent/Received
  Total: 0/0, 0 checksum errors, 0 format errors
  Registers: 0/0 (0 non-rp, 0 non-sm-group), Register Stops: 0/0,  Hellos: 0/0
  Join/Prunes: 0/0, Asserts: 0/0, grafts: 0/0
  Bootstraps: 0/0, Candidate_RP_Advertisements: 0/0
  Queue drops: 0
  State-Refresh: 0/0

IGMP statistics: Sent/Received
  Total: 0/0, Format errors: 0/0, Checksum errors: 0/0
  Host Queries: 0/0, Host Reports: 0/0, Host Leaves: 0/0 
  DVMRP: 0/0, PIM: 0/0
  Queue drops: 0

ARP statistics:
  Rcvd: 92 requests, 5 replies, 0 reverse, 0 other
  Sent: 3 requests, 24 replies (0 proxy), 0 reverse
  Drop due to input queue full: 0</msg>
<msg timestamp="20190513 09:57:47.954" level="INFO">+====================================================================================================================================================+</msg>
<msg timestamp="20190513 09:57:47.954" level="INFO">| Commands for learning feature 'Arp'                                                                                                                |</msg>
<msg timestamp="20190513 09:57:47.954" level="INFO">+====================================================================================================================================================+</msg>
<msg timestamp="20190513 09:57:47.954" level="INFO">| - Parsed commands                                                                                                                                  |</msg>
<msg timestamp="20190513 09:57:47.954" level="INFO">|----------------------------------------------------------------------------------------------------------------------------------------------------|</msg>
<msg timestamp="20190513 09:57:47.955" level="INFO">|   cmd: &lt;class 'genie.libs.parser.iosxe.show_arp.ShowArp'&gt;                                                                                          |</msg>
<msg timestamp="20190513 09:57:47.955" level="INFO">|   cmd: &lt;class 'genie.libs.parser.iosxe.show_interface.ShowIpInterface'&gt;                                                                            |</msg>
<msg timestamp="20190513 09:57:47.955" level="INFO">|   cmd: &lt;class 'genie.libs.parser.iosxe.show_arp.ShowIpArpSummary'&gt;                                                                                 |</msg>
<msg timestamp="20190513 09:57:47.955" level="INFO">|   cmd: &lt;class 'genie.libs.parser.iosxe.show_arp.ShowIpTraffic'&gt;                                                                                    |</msg>
<msg timestamp="20190513 09:57:47.955" level="INFO">|====================================================================================================================================================|</msg>
<msg timestamp="20190513 09:57:47.959" level="INFO">Start learning feature routing</msg>
<msg timestamp="20190513 09:57:47.960" level="INFO">xe#</msg>
<msg timestamp="20190513 09:57:47.960" level="INFO">+++ xe: execute command 'show vrf detail' +++</msg>
<msg timestamp="20190513 09:57:48.014" level="INFO">show vrf detail</msg>
<msg timestamp="20190513 09:57:48.014" level="INFO">VRF Mgmt-intf (VRF Id = 1); default RD &lt;not set&gt;; default VPNID &lt;not set&gt;
  New CLI format, supports multiple address-families
  Flags: 0x1808
  Interfaces:
    Gi1                     
Address family ipv4 unicast (Table ID = 0x1):
  Flags: 0x0
  No Export VPN route-target communities
  No Import VPN route-target communities
  No import route-map
  No global export route-map
  No export route-map
  VRF label distribution protocol: not configured
  VRF label allocation mode: per-prefix
Address family ipv6 unicast (Table ID = 0x1E000001):
  Flags: 0x0
  No Export VPN route-target communities
  No Import VPN route-target communities
  No import route-map
  No global export route-map
  No export route-map
  VRF label distribution protocol: not configured
  VRF label allocation mode: per-prefix
Address family ipv4 multicast not active
Address family ipv6 multicast not active</msg>
<msg timestamp="20190513 09:57:48.022" level="INFO">xe#</msg>
<msg timestamp="20190513 09:57:48.023" level="INFO">+++ xe: execute command 'show ip route vrf Mgmt-intf' +++</msg>
<msg timestamp="20190513 09:57:48.059" level="INFO">show ip route vrf Mgmt-intf</msg>
<msg timestamp="20190513 09:57:48.059" level="INFO">
Routing Table: Mgmt-intf
Codes: L - local, C - connected, S - static, R - RIP, M - mobile, B - BGP
       D - EIGRP, EX - EIGRP external, O - OSPF, IA - OSPF inter area 
       N1 - OSPF NSSA external type 1, N2 - OSPF NSSA external type 2
       E1 - OSPF external type 1, E2 - OSPF external type 2
       i - IS-IS, su - IS-IS summary, L1 - IS-IS level-1, L2 - IS-IS level-2
       ia - IS-IS inter area, * - candidate default, U - per-user static route
       o - ODR, P - periodic downloaded static route, H - NHRP, l - LISP
       a - application route
       + - replicated route, % - next hop override, p - overrides from PfR

Gateway of last resort is 172.16.30.254 to network 0.0.0.0

S*    0.0.0.0/0 [1/0] via 172.16.30.254
      172.16.0.0/16 is variably subnetted, 2 subnets, 2 masks
C        172.16.30.0/24 is directly connected, GigabitEthernet1
L        172.16.30.61/32 is directly connected, GigabitEthernet1</msg>
<msg timestamp="20190513 09:57:48.067" level="INFO">xe#</msg>
<msg timestamp="20190513 09:57:48.067" level="INFO">+++ xe: execute command 'show ip route' +++</msg>
<msg timestamp="20190513 09:57:48.122" level="INFO">show ip route</msg>
<msg timestamp="20190513 09:57:48.122" level="INFO">Codes: L - local, C - connected, S - static, R - RIP, M - mobile, B - BGP
       D - EIGRP, EX - EIGRP external, O - OSPF, IA - OSPF inter area 
       N1 - OSPF NSSA external type 1, N2 - OSPF NSSA external type 2
       E1 - OSPF external type 1, E2 - OSPF external type 2
       i - IS-IS, su - IS-IS summary, L1 - IS-IS level-1, L2 - IS-IS level-2
       ia - IS-IS inter area, * - candidate default, U - per-user static route
       o - ODR, P - periodic downloaded static route, H - NHRP, l - LISP
       a - application route
       + - replicated route, % - next hop override, p - overrides from PfR

Gateway of last resort is not set

      10.0.0.0/8 is variably subnetted, 4 subnets, 2 masks
C        10.0.0.4/30 is directly connected, GigabitEthernet3
L        10.0.0.5/32 is directly connected, GigabitEthernet3
C        10.0.0.8/30 is directly connected, GigabitEthernet2
L        10.0.0.10/32 is directly connected, GigabitEthernet2
      192.168.0.0/32 is subnetted, 3 subnets
O        192.168.0.1 [110/2] via 10.0.0.9, 02:49:16, GigabitEthernet2
C        192.168.0.2 is directly connected, Loopback0
O        192.168.0.3 [110/2] via 10.0.0.6, 02:49:55, GigabitEthernet3</msg>
<msg timestamp="20190513 09:57:48.125" level="INFO">xe#</msg>
<msg timestamp="20190513 09:57:48.125" level="INFO">+++ xe: execute command 'show ipv6 route vrf Mgmt-intf updated' +++</msg>
<msg timestamp="20190513 09:57:48.161" level="INFO">show ipv6 route vrf Mgmt-intf updated</msg>
<msg timestamp="20190513 09:57:48.162" level="INFO">IPv6 Routing Table - Mgmt-intf - 1 entries
Codes: C - Connected, L - Local, S - Static, U - Per-user Static route
       B - BGP, R - RIP, H - NHRP, I1 - ISIS L1
       I2 - ISIS L2, IA - ISIS interarea, IS - ISIS summary, D - EIGRP
       EX - EIGRP external, RL - RPL, O - OSPF Intra, OI - OSPF Inter
       OE1 - OSPF ext 1, OE2 - OSPF ext 2, ON1 - OSPF NSSA ext 1
       ON2 - OSPF NSSA ext 2, la - LISP alt, lr - LISP site-registrations
       ld - LISP dyn-eid, lA - LISP away, le - LISP extranet-policy
       a - Application
L   FF00::/8 [0/0]
     via Null0, receive
      Last updated 08:29:21 10 May 2019</msg>
<msg timestamp="20190513 09:57:48.164" level="INFO">xe#</msg>
<msg timestamp="20190513 09:57:48.164" level="INFO">+++ xe: execute command 'show ipv6 route updated' +++</msg>
<msg timestamp="20190513 09:57:48.202" level="INFO">show ipv6 route updated</msg>
<msg timestamp="20190513 09:57:48.202" level="INFO">IPv6 Routing Table - default - 1 entries
Codes: C - Connected, L - Local, S - Static, U - Per-user Static route
       B - BGP, R - RIP, H - NHRP, I1 - ISIS L1
       I2 - ISIS L2, IA - ISIS interarea, IS - ISIS summary, D - EIGRP
       EX - EIGRP external, RL - RPL, O - OSPF Intra, OI - OSPF Inter
       OE1 - OSPF ext 1, OE2 - OSPF ext 2, ON1 - OSPF NSSA ext 1
       ON2 - OSPF NSSA ext 2, la - LISP alt, lr - LISP site-registrations
       ld - LISP dyn-eid, lA - LISP away, le - LISP extranet-policy
       a - Application
L   FF00::/8 [0/0]
     via Null0, receive
      Last updated 08:29:21 10 May 2019</msg>
<msg timestamp="20190513 09:57:48.203" level="INFO">+====================================================================================================================================================+</msg>
<msg timestamp="20190513 09:57:48.203" level="INFO">| Commands for learning feature 'Routing'                                                                                                            |</msg>
<msg timestamp="20190513 09:57:48.204" level="INFO">+====================================================================================================================================================+</msg>
<msg timestamp="20190513 09:57:48.204" level="INFO">| - Parsed commands                                                                                                                                  |</msg>
<msg timestamp="20190513 09:57:48.204" level="INFO">|----------------------------------------------------------------------------------------------------------------------------------------------------|</msg>
<msg timestamp="20190513 09:57:48.204" level="INFO">|   cmd: &lt;class 'genie.libs.parser.iosxe.show_vrf.ShowVrfDetail'&gt;                                                                                    |</msg>
<msg timestamp="20190513 09:57:48.204" level="INFO">|   cmd: &lt;class 'genie.libs.parser.iosxe.show_routing.ShowIpRoute'&gt;, arguments: {'vrf':'Mgmt-intf'}                                                  |</msg>
<msg timestamp="20190513 09:57:48.204" level="INFO">|   cmd: &lt;class 'genie.libs.parser.iosxe.show_routing.ShowIpRoute'&gt;, arguments: {'vrf':''}                                                           |</msg>
<msg timestamp="20190513 09:57:48.204" level="INFO">|   cmd: &lt;class 'genie.libs.parser.iosxe.show_routing.ShowIpv6RouteUpdated'&gt;, arguments: {'vrf':'Mgmt-intf'}                                         |</msg>
<msg timestamp="20190513 09:57:48.205" level="INFO">|   cmd: &lt;class 'genie.libs.parser.iosxe.show_routing.ShowIpv6RouteUpdated'&gt;, arguments: {'vrf':''}                                                  |</msg>
<msg timestamp="20190513 09:57:48.205" level="INFO">|====================================================================================================================================================|</msg>
<msg timestamp="20190513 09:57:48.231" level="INFO">Start learning feature vrf</msg>
<msg timestamp="20190513 09:57:48.231" level="INFO">xe#</msg>
<msg timestamp="20190513 09:57:48.232" level="INFO">+++ xe: execute command 'show vrf detail' +++</msg>
<msg timestamp="20190513 09:57:48.268" level="INFO">show vrf detail</msg>
<msg timestamp="20190513 09:57:48.268" level="INFO">VRF Mgmt-intf (VRF Id = 1); default RD &lt;not set&gt;; default VPNID &lt;not set&gt;
  New CLI format, supports multiple address-families
  Flags: 0x1808
  Interfaces:
    Gi1                     
Address family ipv4 unicast (Table ID = 0x1):
  Flags: 0x0
  No Export VPN route-target communities
  No Import VPN route-target communities
  No import route-map
  No global export route-map
  No export route-map
  VRF label distribution protocol: not configured
  VRF label allocation mode: per-prefix
Address family ipv6 unicast (Table ID = 0x1E000001):
  Flags: 0x0
  No Export VPN route-target communities
  No Import VPN route-target communities
  No import route-map
  No global export route-map
  No export route-map
  VRF label distribution protocol: not configured
  VRF label allocation mode: per-prefix
Address family ipv4 multicast not active
Address family ipv6 multicast not active</msg>
<msg timestamp="20190513 09:57:48.270" level="INFO">+====================================================================================================================================================+</msg>
<msg timestamp="20190513 09:57:48.270" level="INFO">| Commands for learning feature 'Vrf'                                                                                                                |</msg>
<msg timestamp="20190513 09:57:48.270" level="INFO">+====================================================================================================================================================+</msg>
<msg timestamp="20190513 09:57:48.270" level="INFO">| - Parsed commands                                                                                                                                  |</msg>
<msg timestamp="20190513 09:57:48.270" level="INFO">|----------------------------------------------------------------------------------------------------------------------------------------------------|</msg>
<msg timestamp="20190513 09:57:48.270" level="INFO">|   cmd: &lt;class 'genie.libs.parser.iosxe.show_vrf.ShowVrfDetail'&gt;                                                                                    |</msg>
<msg timestamp="20190513 09:57:48.270" level="INFO">|====================================================================================================================================================|</msg>
<msg timestamp="20190513 09:57:48.271" level="INFO">Start learning feature vlan</msg>
<msg timestamp="20190513 09:57:48.272" level="INFO">xe#</msg>
<msg timestamp="20190513 09:57:48.272" level="INFO">+++ xe: execute command 'show vlan' +++</msg>
<msg timestamp="20190513 09:57:48.320" level="INFO">show vlan</msg>
<msg timestamp="20190513 09:57:48.321" level="INFO">Could not learn &lt;class 'genie.libs.parser.iosxe.show_vlan.ShowVlan'&gt;
Invalid command has been executed</msg>
<msg timestamp="20190513 09:57:48.321" level="INFO">+====================================================================================================================================================+</msg>
<msg timestamp="20190513 09:57:48.321" level="INFO">| Commands for learning feature 'Vlan'                                                                                                               |</msg>
<msg timestamp="20190513 09:57:48.321" level="INFO">+====================================================================================================================================================+</msg>
<msg timestamp="20190513 09:57:48.321" level="INFO">| - Commands not accepted on the device                                                                                                              |</msg>
<msg timestamp="20190513 09:57:48.321" level="INFO">|----------------------------------------------------------------------------------------------------------------------------------------------------|</msg>
<msg timestamp="20190513 09:57:48.321" level="INFO">|   cmd: &lt;class 'genie.libs.parser.iosxe.show_vlan.ShowVlan'&gt;                                                                                        |</msg>
<msg timestamp="20190513 09:57:48.322" level="INFO">|====================================================================================================================================================|</msg>
<msg timestamp="20190513 09:57:48.627" level="INFO">Saved system profile as file: /Users/sihart/Genie_NetDevOpsLive/robot_initial_snapshot/./good_snapshot_xe_vlan_pts.json</msg>
<status status="PASS" starttime="20190513 09:57:38.679" endtime="20190513 09:57:48.627"></status>
</kw>
<status status="PASS" starttime="20190513 09:57:38.678" endtime="20190513 09:57:48.627" critical="yes"></status>
</test>
<status status="PASS" starttime="20190513 09:57:35.833" endtime="20190513 09:57:48.628"></status>
</suite>
<statistics>
<total>
<stat pass="2" fail="0">Critical Tests</stat>
<stat pass="2" fail="0">All Tests</stat>
</total>
<tag>
</tag>
<suite>
<stat pass="2" fail="0" id="s1" name="Robot Initial Snapshot">Robot Initial Snapshot</stat>
</suite>
</statistics>
<errors>
<msg timestamp="20190513 09:57:37.761" level="WARN">Could not load the Datafile correctly</msg>
</errors>
</robot>
